{"/home/andrew/rs-school/final-task/bookstore/bookstore/src/declaration.d.ts": {"path":"/home/andrew/rs-school/final-task/bookstore/bookstore/src/declaration.d.ts","statementMap":{},"fnMap":{},"branchMap":{},"s":{},"f":{},"b":{}}
,"/home/andrew/rs-school/final-task/bookstore/bookstore/src/index.tsx": {"path":"/home/andrew/rs-school/final-task/bookstore/bookstore/src/index.tsx","statementMap":{"0":{"start":{"line":1,"column":0},"end":{"line":1,"column":45}},"1":{"start":{"line":2,"column":0},"end":{"line":2,"column":40}},"2":{"start":{"line":3,"column":0},"end":{"line":3,"column":19}},"3":{"start":{"line":4,"column":0},"end":{"line":4,"column":25}},"4":{"start":{"line":5,"column":0},"end":{"line":5,"column":32}},"5":{"start":{"line":7,"column":0},"end":{"line":7,"column":35}},"6":{"start":{"line":8,"column":0},"end":{"line":8,"column":22}},"7":{"start":{"line":10,"column":13},"end":{"line":10,"column":43}},"8":{"start":{"line":12,"column":0},"end":{"line":16,"column":2}}},"fnMap":{},"branchMap":{},"s":{"0":0,"1":0,"2":0,"3":0,"4":0,"5":0,"6":0,"7":0,"8":0},"f":{},"b":{}}
,"/home/andrew/rs-school/final-task/bookstore/bookstore/src/routes.tsx": {"path":"/home/andrew/rs-school/final-task/bookstore/bookstore/src/routes.tsx","statementMap":{"0":{"start":{"line":1,"column":0},"end":{"line":1,"column":26}},"1":{"start":{"line":2,"column":0},"end":{"line":2,"column":34}},"2":{"start":{"line":3,"column":0},"end":{"line":3,"column":30}},"3":{"start":{"line":4,"column":0},"end":{"line":4,"column":32}},"4":{"start":{"line":5,"column":0},"end":{"line":5,"column":38}},"5":{"start":{"line":7,"column":0},"end":{"line":7,"column":43}},"6":{"start":{"line":8,"column":0},"end":{"line":8,"column":37}},"7":{"start":{"line":9,"column":0},"end":{"line":9,"column":40}},"8":{"start":{"line":11,"column":13},"end":{"line":36,"column":2}}},"fnMap":{},"branchMap":{},"s":{"0":0,"1":0,"2":0,"3":0,"4":0,"5":0,"6":0,"7":0,"8":0},"f":{},"b":{}}
,"/home/andrew/rs-school/final-task/bookstore/bookstore/src/components/App/App.tsx": {"path":"/home/andrew/rs-school/final-task/bookstore/bookstore/src/components/App/App.tsx","statementMap":{"0":{"start":{"line":1,"column":0},"end":{"line":1,"column":26}},"1":{"start":{"line":2,"column":0},"end":{"line":2,"column":49}},"2":{"start":{"line":4,"column":0},"end":{"line":4,"column":46}},"3":{"start":{"line":5,"column":0},"end":{"line":5,"column":40}},"4":{"start":{"line":6,"column":0},"end":{"line":6,"column":40}},"5":{"start":{"line":9,"column":2},"end":{"line":15,"column":4}},"6":{"start":{"line":8,"column":0},"end":{"line":8,"column":16}}},"fnMap":{"0":{"name":"App","decl":{"start":{"line":8,"column":16},"end":{"line":8,"column":19}},"loc":{"start":{"line":8,"column":19},"end":{"line":16,"column":1}}}},"branchMap":{},"s":{"0":0,"1":0,"2":0,"3":0,"4":0,"5":0,"6":0},"f":{"0":0},"b":{}}
,"/home/andrew/rs-school/final-task/bookstore/bookstore/src/components/App/index.tsx": {"path":"/home/andrew/rs-school/final-task/bookstore/bookstore/src/components/App/index.tsx","statementMap":{"0":{"start":{"line":1,"column":0},"end":{"line":1,"column":28}},"1":{"start":{"line":3,"column":0},"end":{"line":3,"column":19}}},"fnMap":{},"branchMap":{},"s":{"0":0,"1":0},"f":{},"b":{}}
,"/home/andrew/rs-school/final-task/bookstore/bookstore/src/components/AppRouter/AppRouter.tsx": {"path":"/home/andrew/rs-school/final-task/bookstore/bookstore/src/components/AppRouter/AppRouter.tsx","statementMap":{"0":{"start":{"line":1,"column":0},"end":{"line":1,"column":26}},"1":{"start":{"line":2,"column":0},"end":{"line":2,"column":55}},"2":{"start":{"line":3,"column":0},"end":{"line":3,"column":44}},"3":{"start":{"line":4,"column":0},"end":{"line":4,"column":47}},"4":{"start":{"line":7,"column":2},"end":{"line":14,"column":4}},"5":{"start":{"line":9,"column":31},"end":{"line":9,"column":33}},"6":{"start":{"line":9,"column":42},"end":{"line":9,"column":44}},"7":{"start":{"line":9,"column":49},"end":{"line":11,"column":8}},"8":{"start":{"line":6,"column":0},"end":{"line":6,"column":16}}},"fnMap":{"0":{"name":"AppRouter","decl":{"start":{"line":6,"column":16},"end":{"line":6,"column":25}},"loc":{"start":{"line":6,"column":25},"end":{"line":15,"column":1}}},"1":{"name":"(anonymous_2)","decl":{"start":{"line":9,"column":24},"end":{"line":9,"column":25}},"loc":{"start":{"line":9,"column":44},"end":{"line":9,"column":null}}}},"branchMap":{},"s":{"0":0,"1":0,"2":0,"3":0,"4":0,"5":0,"6":0,"7":0,"8":0},"f":{"0":0,"1":0},"b":{}}
,"/home/andrew/rs-school/final-task/bookstore/bookstore/src/components/AppRouter/index.tsx": {"path":"/home/andrew/rs-school/final-task/bookstore/bookstore/src/components/AppRouter/index.tsx","statementMap":{"0":{"start":{"line":1,"column":0},"end":{"line":1,"column":40}},"1":{"start":{"line":3,"column":0},"end":{"line":3,"column":25}}},"fnMap":{},"branchMap":{},"s":{"0":0,"1":0},"f":{},"b":{}}
,"/home/andrew/rs-school/final-task/bookstore/bookstore/src/components/Div404/Div404.tsx": {"path":"/home/andrew/rs-school/final-task/bookstore/bookstore/src/components/Div404/Div404.tsx","statementMap":{"0":{"start":{"line":1,"column":0},"end":{"line":1,"column":26}},"1":{"start":{"line":2,"column":0},"end":{"line":2,"column":44}},"2":{"start":{"line":3,"column":0},"end":{"line":3,"column":43}},"3":{"start":{"line":5,"column":0},"end":{"line":5,"column":47}},"4":{"start":{"line":7,"column":0},"end":{"line":7,"column":23}},"5":{"start":{"line":9,"column":0},"end":{"line":9,"column":54}},"6":{"start":{"line":12,"column":2},"end":{"line":23,"column":4}},"7":{"start":{"line":11,"column":0},"end":{"line":11,"column":16}}},"fnMap":{"0":{"name":"Div404","decl":{"start":{"line":11,"column":16},"end":{"line":11,"column":22}},"loc":{"start":{"line":11,"column":22},"end":{"line":24,"column":1}}}},"branchMap":{},"s":{"0":0,"1":0,"2":0,"3":0,"4":0,"5":0,"6":0,"7":0},"f":{"0":0},"b":{}}
,"/home/andrew/rs-school/final-task/bookstore/bookstore/src/components/Div404/index.tsx": {"path":"/home/andrew/rs-school/final-task/bookstore/bookstore/src/components/Div404/index.tsx","statementMap":{"0":{"start":{"line":1,"column":0},"end":{"line":1,"column":34}},"1":{"start":{"line":3,"column":0},"end":{"line":3,"column":22}}},"fnMap":{},"branchMap":{},"s":{"0":0,"1":0},"f":{},"b":{}}
,"/home/andrew/rs-school/final-task/bookstore/bookstore/src/components/ErrorMessage/ErrorMessage.tsx": {"path":"/home/andrew/rs-school/final-task/bookstore/bookstore/src/components/ErrorMessage/ErrorMessage.tsx","statementMap":{"0":{"start":{"line":1,"column":0},"end":{"line":1,"column":51}},"1":{"start":{"line":3,"column":0},"end":{"line":3,"column":29}},"2":{"start":{"line":10,"column":37},"end":{"line":10,"column":39}},"3":{"start":{"line":10,"column":46},"end":{"line":10,"column":62}},"4":{"start":{"line":11,"column":30},"end":{"line":11,"column":54}},"5":{"start":{"line":11,"column":15},"end":{"line":11,"column":17}},"6":{"start":{"line":11,"column":26},"end":{"line":11,"column":30}},"7":{"start":{"line":13,"column":2},"end":{"line":18,"column":9}},"8":{"start":{"line":14,"column":21},"end":{"line":14,"column":36}},"9":{"start":{"line":14,"column":27},"end":{"line":14,"column":53}},"10":{"start":{"line":15,"column":4},"end":{"line":15,"column":51}},"11":{"start":{"line":16,"column":4},"end":{"line":16,"column":67}},"12":{"start":{"line":17,"column":4},"end":{"line":17,"column":64}},"13":{"start":{"line":17,"column":17},"end":{"line":17,"column":64}},"14":{"start":{"line":20,"column":28},"end":{"line":20,"column":53}},"15":{"start":{"line":21,"column":2},"end":{"line":29,"column":4}},"16":{"start":{"line":24,"column":65},"end":{"line":24,"column":null}},"17":{"start":{"line":10,"column":0},"end":{"line":10,"column":16}}},"fnMap":{"0":{"name":"ErrorMessage","decl":{"start":{"line":10,"column":16},"end":{"line":10,"column":28}},"loc":{"start":{"line":10,"column":62},"end":{"line":30,"column":1}}},"1":{"name":"(anonymous_7)","decl":{"start":{"line":13,"column":12},"end":{"line":13,"column":null}},"loc":{"start":{"line":13,"column":12},"end":{"line":18,"column":3}}},"2":{"name":"(anonymous_8)","decl":{"start":{"line":14,"column":21},"end":{"line":14,"column":27}},"loc":{"start":{"line":14,"column":21},"end":{"line":14,"column":36}}},"3":{"name":"(anonymous_9)","decl":{"start":{"line":17,"column":11},"end":{"line":17,"column":17}},"loc":{"start":{"line":17,"column":11},"end":{"line":17,"column":23}}},"4":{"name":"(anonymous_10)","decl":{"start":{"line":24,"column":59},"end":{"line":24,"column":65}},"loc":{"start":{"line":24,"column":59},"end":{"line":24,"column":71}}}},"branchMap":{},"s":{"0":0,"1":0,"2":0,"3":0,"4":0,"5":0,"6":0,"7":0,"8":0,"9":0,"10":0,"11":0,"12":0,"13":0,"14":0,"15":0,"16":0,"17":0},"f":{"0":0,"1":0,"2":0,"3":0,"4":0},"b":{}}
,"/home/andrew/rs-school/final-task/bookstore/bookstore/src/components/ErrorMessage/index.tsx": {"path":"/home/andrew/rs-school/final-task/bookstore/bookstore/src/components/ErrorMessage/index.tsx","statementMap":{"0":{"start":{"line":1,"column":0},"end":{"line":1,"column":46}},"1":{"start":{"line":3,"column":0},"end":{"line":3,"column":28}}},"fnMap":{},"branchMap":{},"s":{"0":0,"1":0},"f":{},"b":{}}
,"/home/andrew/rs-school/final-task/bookstore/bookstore/src/components/Hello/Hello.tsx": {"path":"/home/andrew/rs-school/final-task/bookstore/bookstore/src/components/Hello/Hello.tsx","statementMap":{"0":{"start":{"line":1,"column":0},"end":{"line":1,"column":31}},"1":{"start":{"line":3,"column":0},"end":{"line":3,"column":33}},"2":{"start":{"line":11,"column":2},"end":{"line":15,"column":4}},"3":{"start":{"line":10,"column":0},"end":{"line":10,"column":16}}},"fnMap":{"0":{"name":"Hello","decl":{"start":{"line":10,"column":16},"end":{"line":10,"column":21}},"loc":{"start":{"line":10,"column":40},"end":{"line":16,"column":1}}}},"branchMap":{},"s":{"0":1,"1":1,"2":1,"3":1},"f":{"0":1},"b":{}}
,"/home/andrew/rs-school/final-task/bookstore/bookstore/src/components/Hello/handlers.ts": {"path":"/home/andrew/rs-school/final-task/bookstore/bookstore/src/components/Hello/handlers.ts","statementMap":{"0":{"start":{"line":1,"column":13},"end":{"line":4,"column":2}},"1":{"start":{"line":6,"column":25},"end":{"line":6,"column":60}},"2":{"start":{"line":6,"column":59},"end":{"line":6,"column":65}},"3":{"start":{"line":6,"column":13},"end":{"line":6,"column":25}}},"fnMap":{"0":{"name":"(anonymous_0)","decl":{"start":{"line":6,"column":25},"end":{"line":6,"column":26}},"loc":{"start":{"line":6,"column":46},"end":{"line":6,"column":60}}}},"branchMap":{},"s":{"0":1,"1":1,"2":1,"3":1},"f":{"0":1},"b":{}}
,"/home/andrew/rs-school/final-task/bookstore/bookstore/src/components/Hello/index.tsx": {"path":"/home/andrew/rs-school/final-task/bookstore/bookstore/src/components/Hello/index.tsx","statementMap":{"0":{"start":{"line":1,"column":0},"end":{"line":1,"column":40}},"1":{"start":{"line":3,"column":0},"end":{"line":3,"column":67}},"2":{"start":{"line":4,"column":0},"end":{"line":4,"column":48}},"3":{"start":{"line":7,"column":27},"end":{"line":7,"column":59}},"4":{"start":{"line":9,"column":2},"end":{"line":9,"column":39}},"5":{"start":{"line":6,"column":0},"end":{"line":6,"column":null}}},"fnMap":{"0":{"name":"default_1","decl":{"start":{"line":6,"column":0},"end":{"line":6,"column":null}},"loc":{"start":{"line":6,"column":0},"end":{"line":10,"column":1}}}},"branchMap":{},"s":{"0":0,"1":0,"2":0,"3":0,"4":0,"5":0},"f":{"0":0},"b":{}}
,"/home/andrew/rs-school/final-task/bookstore/bookstore/src/components/Links/Links.tsx": {"path":"/home/andrew/rs-school/final-task/bookstore/bookstore/src/components/Links/Links.tsx","statementMap":{"0":{"start":{"line":1,"column":0},"end":{"line":1,"column":26}},"1":{"start":{"line":2,"column":0},"end":{"line":2,"column":38}},"2":{"start":{"line":3,"column":0},"end":{"line":3,"column":55}},"3":{"start":{"line":10,"column":26},"end":{"line":10,"column":28}},"4":{"start":{"line":10,"column":33},"end":{"line":10,"column":42}},"5":{"start":{"line":11,"column":2},"end":{"line":15,"column":4}},"6":{"start":{"line":10,"column":0},"end":{"line":10,"column":16}}},"fnMap":{"0":{"name":"Links","decl":{"start":{"line":10,"column":16},"end":{"line":10,"column":21}},"loc":{"start":{"line":10,"column":42},"end":{"line":16,"column":1}}}},"branchMap":{},"s":{"0":0,"1":0,"2":0,"3":0,"4":0,"5":0,"6":0},"f":{"0":0},"b":{}}
,"/home/andrew/rs-school/final-task/bookstore/bookstore/src/components/Links/index.tsx": {"path":"/home/andrew/rs-school/final-task/bookstore/bookstore/src/components/Links/index.tsx","statementMap":{"0":{"start":{"line":1,"column":0},"end":{"line":1,"column":32}},"1":{"start":{"line":3,"column":0},"end":{"line":3,"column":21}}},"fnMap":{},"branchMap":{},"s":{"0":0,"1":0},"f":{},"b":{}}
,"/home/andrew/rs-school/final-task/bookstore/bookstore/src/components/OopsDiv/OopsDiv.tsx": {"path":"/home/andrew/rs-school/final-task/bookstore/bookstore/src/components/OopsDiv/OopsDiv.tsx","statementMap":{"0":{"start":{"line":1,"column":0},"end":{"line":1,"column":26}},"1":{"start":{"line":2,"column":0},"end":{"line":2,"column":52}},"2":{"start":{"line":3,"column":0},"end":{"line":3,"column":56}},"3":{"start":{"line":4,"column":0},"end":{"line":4,"column":47}},"4":{"start":{"line":6,"column":0},"end":{"line":6,"column":24}},"5":{"start":{"line":8,"column":0},"end":{"line":8,"column":43}},"6":{"start":{"line":9,"column":0},"end":{"line":9,"column":48}},"7":{"start":{"line":12,"column":19},"end":{"line":12,"column":32}},"8":{"start":{"line":14,"column":2},"end":{"line":46,"column":4}},"9":{"start":{"line":20,"column":49},"end":{"line":20,"column":null}},"10":{"start":{"line":11,"column":0},"end":{"line":11,"column":16}}},"fnMap":{"0":{"name":"OopsDiv","decl":{"start":{"line":11,"column":16},"end":{"line":11,"column":23}},"loc":{"start":{"line":11,"column":23},"end":{"line":47,"column":1}}},"1":{"name":"(anonymous_2)","decl":{"start":{"line":20,"column":43},"end":{"line":20,"column":49}},"loc":{"start":{"line":20,"column":43},"end":{"line":20,"column":57}}}},"branchMap":{},"s":{"0":0,"1":0,"2":0,"3":0,"4":0,"5":0,"6":0,"7":0,"8":0,"9":0,"10":0},"f":{"0":0,"1":0},"b":{}}
,"/home/andrew/rs-school/final-task/bookstore/bookstore/src/components/OopsDiv/index.tsx": {"path":"/home/andrew/rs-school/final-task/bookstore/bookstore/src/components/OopsDiv/index.tsx","statementMap":{"0":{"start":{"line":1,"column":0},"end":{"line":1,"column":36}},"1":{"start":{"line":3,"column":0},"end":{"line":3,"column":23}}},"fnMap":{},"branchMap":{},"s":{"0":0,"1":0},"f":{},"b":{}}
,"/home/andrew/rs-school/final-task/bookstore/bookstore/src/components/SuccessMessage/SuccessMessage.tsx": {"path":"/home/andrew/rs-school/final-task/bookstore/bookstore/src/components/SuccessMessage/SuccessMessage.tsx","statementMap":{"0":{"start":{"line":1,"column":0},"end":{"line":1,"column":42}},"1":{"start":{"line":3,"column":0},"end":{"line":3,"column":31}},"2":{"start":{"line":4,"column":0},"end":{"line":4,"column":38}},"3":{"start":{"line":10,"column":40},"end":{"line":10,"column":56}},"4":{"start":{"line":11,"column":24},"end":{"line":11,"column":27}},"5":{"start":{"line":12,"column":19},"end":{"line":12,"column":65}},"6":{"start":{"line":13,"column":16},"end":{"line":13,"column":38}},"7":{"start":{"line":15,"column":15},"end":{"line":15,"column":34}},"8":{"start":{"line":17,"column":2},"end":{"line":17,"column":51}},"9":{"start":{"line":17,"column":19},"end":{"line":17,"column":45}},"10":{"start":{"line":19,"column":2},"end":{"line":23,"column":4}},"11":{"start":{"line":10,"column":0},"end":{"line":10,"column":16}}},"fnMap":{"0":{"name":"SuccessMessage","decl":{"start":{"line":10,"column":16},"end":{"line":10,"column":30}},"loc":{"start":{"line":10,"column":56},"end":{"line":24,"column":1}}},"1":{"name":"(anonymous_7)","decl":{"start":{"line":17,"column":13},"end":{"line":17,"column":19}},"loc":{"start":{"line":17,"column":13},"end":{"line":17,"column":23}}}},"branchMap":{},"s":{"0":0,"1":0,"2":0,"3":0,"4":0,"5":0,"6":0,"7":0,"8":0,"9":0,"10":0,"11":0},"f":{"0":0,"1":0},"b":{}}
,"/home/andrew/rs-school/final-task/bookstore/bookstore/src/components/SuccessMessage/index.tsx": {"path":"/home/andrew/rs-school/final-task/bookstore/bookstore/src/components/SuccessMessage/index.tsx","statementMap":{"0":{"start":{"line":1,"column":0},"end":{"line":1,"column":50}},"1":{"start":{"line":3,"column":0},"end":{"line":3,"column":30}}},"fnMap":{},"branchMap":{},"s":{"0":0,"1":0},"f":{},"b":{}}
,"/home/andrew/rs-school/final-task/bookstore/bookstore/src/components/World/World.tsx": {"path":"/home/andrew/rs-school/final-task/bookstore/bookstore/src/components/World/World.tsx","statementMap":{"0":{"start":{"line":1,"column":0},"end":{"line":1,"column":26}},"1":{"start":{"line":4,"column":2},"end":{"line":4,"column":43}},"2":{"start":{"line":3,"column":0},"end":{"line":3,"column":16}}},"fnMap":{"0":{"name":"World","decl":{"start":{"line":3,"column":16},"end":{"line":3,"column":21}},"loc":{"start":{"line":3,"column":21},"end":{"line":5,"column":1}}}},"branchMap":{},"s":{"0":0,"1":0,"2":0},"f":{"0":0},"b":{}}
,"/home/andrew/rs-school/final-task/bookstore/bookstore/src/components/World/index.tsx": {"path":"/home/andrew/rs-school/final-task/bookstore/bookstore/src/components/World/index.tsx","statementMap":{"0":{"start":{"line":1,"column":0},"end":{"line":1,"column":26}},"1":{"start":{"line":3,"column":0},"end":{"line":3,"column":48}},"2":{"start":{"line":6,"column":2},"end":{"line":6,"column":19}},"3":{"start":{"line":5,"column":0},"end":{"line":5,"column":null}}},"fnMap":{"0":{"name":"default_1","decl":{"start":{"line":5,"column":0},"end":{"line":5,"column":null}},"loc":{"start":{"line":5,"column":0},"end":{"line":7,"column":1}}}},"branchMap":{},"s":{"0":0,"1":0,"2":0,"3":0},"f":{"0":0},"b":{}}
,"/home/andrew/rs-school/final-task/bookstore/bookstore/src/containers/Footer/Footer.tsx": {"path":"/home/andrew/rs-school/final-task/bookstore/bookstore/src/containers/Footer/Footer.tsx","statementMap":{"0":{"start":{"line":1,"column":0},"end":{"line":1,"column":26}},"1":{"start":{"line":2,"column":0},"end":{"line":2,"column":57}},"2":{"start":{"line":3,"column":0},"end":{"line":3,"column":43}},"3":{"start":{"line":4,"column":0},"end":{"line":4,"column":55}},"4":{"start":{"line":5,"column":0},"end":{"line":5,"column":38}},"5":{"start":{"line":6,"column":0},"end":{"line":6,"column":52}},"6":{"start":{"line":7,"column":0},"end":{"line":7,"column":47}},"7":{"start":{"line":9,"column":0},"end":{"line":9,"column":23}},"8":{"start":{"line":11,"column":0},"end":{"line":11,"column":45}},"9":{"start":{"line":14,"column":2},"end":{"line":34,"column":4}},"10":{"start":{"line":22,"column":39},"end":{"line":24,"column":14}},"11":{"start":{"line":13,"column":0},"end":{"line":13,"column":16}}},"fnMap":{"0":{"name":"Footer","decl":{"start":{"line":13,"column":16},"end":{"line":13,"column":22}},"loc":{"start":{"line":13,"column":22},"end":{"line":35,"column":1}}},"1":{"name":"(anonymous_2)","decl":{"start":{"line":22,"column":29},"end":{"line":22,"column":30}},"loc":{"start":{"line":22,"column":34},"end":{"line":22,"column":null}}}},"branchMap":{},"s":{"0":0,"1":0,"2":0,"3":0,"4":0,"5":0,"6":0,"7":0,"8":0,"9":0,"10":0,"11":0},"f":{"0":0,"1":0},"b":{}}
,"/home/andrew/rs-school/final-task/bookstore/bookstore/src/containers/Footer/index.tsx": {"path":"/home/andrew/rs-school/final-task/bookstore/bookstore/src/containers/Footer/index.tsx","statementMap":{"0":{"start":{"line":1,"column":0},"end":{"line":1,"column":34}},"1":{"start":{"line":3,"column":0},"end":{"line":3,"column":22}}},"fnMap":{},"branchMap":{},"s":{"0":0,"1":0},"f":{},"b":{}}
,"/home/andrew/rs-school/final-task/bookstore/bookstore/src/containers/Header/Header.tsx": {"path":"/home/andrew/rs-school/final-task/bookstore/bookstore/src/containers/Header/Header.tsx","statementMap":{"0":{"start":{"line":1,"column":0},"end":{"line":1,"column":42}},"1":{"start":{"line":2,"column":0},"end":{"line":2,"column":65}},"2":{"start":{"line":3,"column":0},"end":{"line":3,"column":56}},"3":{"start":{"line":4,"column":0},"end":{"line":4,"column":55}},"4":{"start":{"line":5,"column":0},"end":{"line":5,"column":38}},"5":{"start":{"line":6,"column":0},"end":{"line":6,"column":32}},"6":{"start":{"line":7,"column":0},"end":{"line":7,"column":47}},"7":{"start":{"line":8,"column":0},"end":{"line":8,"column":52}},"8":{"start":{"line":10,"column":0},"end":{"line":10,"column":23}},"9":{"start":{"line":13,"column":19},"end":{"line":13,"column":32}},"10":{"start":{"line":14,"column":15},"end":{"line":14,"column":34}},"11":{"start":{"line":16,"column":2},"end":{"line":52,"column":4}},"12":{"start":{"line":25,"column":39},"end":{"line":27,"column":14}},"13":{"start":{"line":33,"column":69},"end":{"line":33,"column":null}},"14":{"start":{"line":41,"column":18},"end":{"line":41,"column":40}},"15":{"start":{"line":42,"column":18},"end":{"line":42,"column":50}},"16":{"start":{"line":12,"column":0},"end":{"line":12,"column":16}}},"fnMap":{"0":{"name":"Header","decl":{"start":{"line":12,"column":16},"end":{"line":12,"column":22}},"loc":{"start":{"line":12,"column":22},"end":{"line":53,"column":1}}},"1":{"name":"(anonymous_8)","decl":{"start":{"line":25,"column":29},"end":{"line":25,"column":30}},"loc":{"start":{"line":25,"column":34},"end":{"line":25,"column":null}}},"2":{"name":"(anonymous_9)","decl":{"start":{"line":33,"column":63},"end":{"line":33,"column":69}},"loc":{"start":{"line":33,"column":63},"end":{"line":33,"column":77}}},"3":{"name":"(anonymous_10)","decl":{"start":{"line":40,"column":25},"end":{"line":40,"column":null}},"loc":{"start":{"line":40,"column":25},"end":{"line":43,"column":17}}}},"branchMap":{"0":{"loc":{"start":{"line":36,"column":13},"end":{"line":46,"column":null}},"type":"binary-expr","locations":[{"start":{"line":36,"column":13},"end":{"line":36,"column":24}},{"start":{"line":37,"column":14},"end":{"line":43,"column":null}}]}},"s":{"0":0,"1":0,"2":0,"3":0,"4":0,"5":0,"6":0,"7":0,"8":0,"9":0,"10":0,"11":0,"12":0,"13":0,"14":0,"15":0,"16":0},"f":{"0":0,"1":0,"2":0,"3":0},"b":{"0":[0,0]}}
,"/home/andrew/rs-school/final-task/bookstore/bookstore/src/containers/Header/index.tsx": {"path":"/home/andrew/rs-school/final-task/bookstore/bookstore/src/containers/Header/index.tsx","statementMap":{"0":{"start":{"line":1,"column":0},"end":{"line":1,"column":34}},"1":{"start":{"line":3,"column":0},"end":{"line":3,"column":22}}},"fnMap":{},"branchMap":{},"s":{"0":0,"1":0},"f":{},"b":{}}
,"/home/andrew/rs-school/final-task/bookstore/bookstore/src/pages/About/About.tsx": {"path":"/home/andrew/rs-school/final-task/bookstore/bookstore/src/pages/About/About.tsx","statementMap":{"0":{"start":{"line":1,"column":0},"end":{"line":1,"column":26}},"1":{"start":{"line":4,"column":2},"end":{"line":4,"column":77}},"2":{"start":{"line":3,"column":0},"end":{"line":3,"column":16}}},"fnMap":{"0":{"name":"About","decl":{"start":{"line":3,"column":16},"end":{"line":3,"column":21}},"loc":{"start":{"line":3,"column":21},"end":{"line":5,"column":1}}}},"branchMap":{},"s":{"0":0,"1":0,"2":0},"f":{"0":0},"b":{}}
,"/home/andrew/rs-school/final-task/bookstore/bookstore/src/pages/About/index.tsx": {"path":"/home/andrew/rs-school/final-task/bookstore/bookstore/src/pages/About/index.tsx","statementMap":{"0":{"start":{"line":1,"column":0},"end":{"line":1,"column":32}},"1":{"start":{"line":3,"column":0},"end":{"line":3,"column":21}}},"fnMap":{},"branchMap":{},"s":{"0":0,"1":0},"f":{},"b":{}}
,"/home/andrew/rs-school/final-task/bookstore/bookstore/src/pages/Login/Login.tsx": {"path":"/home/andrew/rs-school/final-task/bookstore/bookstore/src/pages/Login/Login.tsx","statementMap":{"0":{"start":{"line":1,"column":0},"end":{"line":1,"column":52}},"1":{"start":{"line":2,"column":0},"end":{"line":2,"column":58}},"2":{"start":{"line":3,"column":0},"end":{"line":3,"column":66}},"3":{"start":{"line":4,"column":0},"end":{"line":4,"column":42}},"4":{"start":{"line":5,"column":0},"end":{"line":5,"column":52}},"5":{"start":{"line":6,"column":0},"end":{"line":6,"column":47}},"6":{"start":{"line":7,"column":0},"end":{"line":7,"column":71}},"7":{"start":{"line":8,"column":0},"end":{"line":8,"column":87}},"8":{"start":{"line":9,"column":0},"end":{"line":9,"column":32}},"9":{"start":{"line":11,"column":0},"end":{"line":11,"column":22}},"10":{"start":{"line":13,"column":0},"end":{"line":13,"column":41}},"11":{"start":{"line":14,"column":0},"end":{"line":14,"column":46}},"12":{"start":{"line":16,"column":0},"end":{"line":16,"column":16}},"13":{"start":{"line":17,"column":42},"end":{"line":17,"column":62}},"14":{"start":{"line":17,"column":21},"end":{"line":17,"column":23}},"15":{"start":{"line":17,"column":38},"end":{"line":17,"column":42}},"16":{"start":{"line":23,"column":6},"end":{"line":29,"column":4}},"17":{"start":{"line":19,"column":12},"end":{"line":19,"column":null}},"18":{"start":{"line":20,"column":13},"end":{"line":20,"column":null}},"19":{"start":{"line":21,"column":16},"end":{"line":21,"column":null}},"20":{"start":{"line":22,"column":23},"end":{"line":22,"column":null}},"21":{"start":{"line":30,"column":15},"end":{"line":30,"column":34}},"22":{"start":{"line":31,"column":19},"end":{"line":31,"column":32}},"23":{"start":{"line":32,"column":46},"end":{"line":32,"column":70}},"24":{"start":{"line":32,"column":23},"end":{"line":32,"column":25}},"25":{"start":{"line":32,"column":42},"end":{"line":32,"column":46}},"26":{"start":{"line":34,"column":17},"end":{"line":46,"column":4}},"27":{"start":{"line":35,"column":10},"end":{"line":35,"column":37}},"28":{"start":{"line":36,"column":10},"end":{"line":36,"column":43}},"29":{"start":{"line":37,"column":17},"end":{"line":37,"column":null}},"30":{"start":{"line":37,"column":10},"end":{"line":37,"column":null}},"31":{"start":{"line":39,"column":4},"end":{"line":45,"column":null}},"32":{"start":{"line":40,"column":6},"end":{"line":40,"column":27}},"33":{"start":{"line":41,"column":6},"end":{"line":41,"column":30}},"34":{"start":{"line":42,"column":6},"end":{"line":42,"column":38}},"35":{"start":{"line":44,"column":6},"end":{"line":44,"column":30}},"36":{"start":{"line":48,"column":25},"end":{"line":54,"column":3}},"37":{"start":{"line":49,"column":4},"end":{"line":52,"column":null}},"38":{"start":{"line":50,"column":6},"end":{"line":50,"column":30}},"39":{"start":{"line":51,"column":6},"end":{"line":51,"column":13}},"40":{"start":{"line":53,"column":4},"end":{"line":53,"column":32}},"41":{"start":{"line":56,"column":19},"end":{"line":56,"column":31}},"42":{"start":{"line":56,"column":25},"end":{"line":56,"column":34}},"43":{"start":{"line":58,"column":2},"end":{"line":98,"column":4}}},"fnMap":{"0":{"name":"Login","decl":{"start":{"line":16,"column":16},"end":{"line":16,"column":21}},"loc":{"start":{"line":16,"column":21},"end":{"line":99,"column":1}}},"1":{"name":"(anonymous_23)","decl":{"start":{"line":34,"column":17},"end":{"line":34,"column":null}},"loc":{"start":{"line":34,"column":17},"end":{"line":46,"column":4}}},"2":{"name":"(anonymous_26)","decl":{"start":{"line":48,"column":25},"end":{"line":48,"column":null}},"loc":{"start":{"line":48,"column":25},"end":{"line":54,"column":3}}},"3":{"name":"(anonymous_27)","decl":{"start":{"line":56,"column":19},"end":{"line":56,"column":25}},"loc":{"start":{"line":56,"column":19},"end":{"line":56,"column":31}}}},"branchMap":{"0":{"loc":{"start":{"line":39,"column":4},"end":{"line":45,"column":null}},"type":"if","locations":[{"start":{"line":39,"column":4},"end":{"line":45,"column":null}},{"start":{"line":43,"column":11},"end":{"line":45,"column":null}}]},"1":{"loc":{"start":{"line":49,"column":4},"end":{"line":52,"column":null}},"type":"if","locations":[{"start":{"line":49,"column":4},"end":{"line":52,"column":null}}]},"2":{"loc":{"start":{"line":60,"column":7},"end":{"line":60,"column":61}},"type":"binary-expr","locations":[{"start":{"line":60,"column":7},"end":{"line":60,"column":18}},{"start":{"line":60,"column":22},"end":{"line":60,"column":61}}]},"3":{"loc":{"start":{"line":62,"column":7},"end":{"line":62,"column":104}},"type":"binary-expr","locations":[{"start":{"line":62,"column":7},"end":{"line":62,"column":21}},{"start":{"line":62,"column":25},"end":{"line":62,"column":104}}]},"4":{"loc":{"start":{"line":67,"column":39},"end":{"line":67,"column":60}},"type":"cond-expr","locations":[{"start":{"line":67,"column":51},"end":{"line":67,"column":53}},{"start":{"line":67,"column":51},"end":{"line":67,"column":60}}]},"5":{"loc":{"start":{"line":67,"column":39},"end":{"line":67,"column":53}},"type":"binary-expr","locations":[{"start":{"line":67,"column":39},"end":{"line":67,"column":53}},{"start":{"line":67,"column":51},"end":{"line":67,"column":53}}]},"6":{"loc":{"start":{"line":82,"column":15},"end":{"line":82,"column":111}},"type":"cond-expr","locations":[{"start":{"line":82,"column":45},"end":{"line":82,"column":74}},{"start":{"line":82,"column":77},"end":{"line":82,"column":111}}]},"7":{"loc":{"start":{"line":85,"column":39},"end":{"line":85,"column":63}},"type":"cond-expr","locations":[{"start":{"line":85,"column":54},"end":{"line":85,"column":56}},{"start":{"line":85,"column":54},"end":{"line":85,"column":63}}]},"8":{"loc":{"start":{"line":85,"column":39},"end":{"line":85,"column":56}},"type":"binary-expr","locations":[{"start":{"line":85,"column":39},"end":{"line":85,"column":56}},{"start":{"line":85,"column":54},"end":{"line":85,"column":56}}]}},"s":{"0":0,"1":0,"2":0,"3":0,"4":0,"5":0,"6":0,"7":0,"8":0,"9":0,"10":0,"11":0,"12":0,"13":0,"14":0,"15":0,"16":0,"17":0,"18":0,"19":0,"20":0,"21":0,"22":0,"23":0,"24":0,"25":0,"26":0,"27":0,"28":0,"29":0,"30":0,"31":0,"32":0,"33":0,"34":0,"35":0,"36":0,"37":0,"38":0,"39":0,"40":0,"41":0,"42":0,"43":0},"f":{"0":0,"1":0,"2":0,"3":0},"b":{"0":[0,0],"1":[0],"2":[0,0],"3":[0,0],"4":[0,0],"5":[0,0],"6":[0,0],"7":[0,0],"8":[0,0]}}
,"/home/andrew/rs-school/final-task/bookstore/bookstore/src/pages/Login/index.tsx": {"path":"/home/andrew/rs-school/final-task/bookstore/bookstore/src/pages/Login/index.tsx","statementMap":{"0":{"start":{"line":1,"column":0},"end":{"line":1,"column":32}},"1":{"start":{"line":3,"column":0},"end":{"line":3,"column":21}}},"fnMap":{},"branchMap":{},"s":{"0":0,"1":0},"f":{},"b":{}}
,"/home/andrew/rs-school/final-task/bookstore/bookstore/src/pages/Main/Main.tsx": {"path":"/home/andrew/rs-school/final-task/bookstore/bookstore/src/pages/Main/Main.tsx","statementMap":{"0":{"start":{"line":1,"column":0},"end":{"line":1,"column":42}},"1":{"start":{"line":2,"column":0},"end":{"line":2,"column":44}},"2":{"start":{"line":3,"column":0},"end":{"line":3,"column":56}},"3":{"start":{"line":4,"column":0},"end":{"line":4,"column":38}},"4":{"start":{"line":6,"column":0},"end":{"line":6,"column":21}},"5":{"start":{"line":9,"column":15},"end":{"line":9,"column":34}},"6":{"start":{"line":11,"column":2},"end":{"line":18,"column":4}},"7":{"start":{"line":8,"column":0},"end":{"line":8,"column":16}}},"fnMap":{"0":{"name":"Main","decl":{"start":{"line":8,"column":16},"end":{"line":8,"column":20}},"loc":{"start":{"line":8,"column":20},"end":{"line":19,"column":1}}}},"branchMap":{"0":{"loc":{"start":{"line":14,"column":9},"end":{"line":14,"column":78}},"type":"binary-expr","locations":[{"start":{"line":14,"column":9},"end":{"line":14,"column":23}},{"start":{"line":14,"column":27},"end":{"line":14,"column":78}}]}},"s":{"0":0,"1":0,"2":0,"3":0,"4":0,"5":0,"6":0,"7":0},"f":{"0":0},"b":{"0":[0,0]}}
,"/home/andrew/rs-school/final-task/bookstore/bookstore/src/pages/Main/index.tsx": {"path":"/home/andrew/rs-school/final-task/bookstore/bookstore/src/pages/Main/index.tsx","statementMap":{"0":{"start":{"line":1,"column":0},"end":{"line":1,"column":30}},"1":{"start":{"line":3,"column":0},"end":{"line":3,"column":20}}},"fnMap":{},"branchMap":{},"s":{"0":0,"1":0},"f":{},"b":{}}
,"/home/andrew/rs-school/final-task/bookstore/bookstore/src/pages/Page404/Page404.tsx": {"path":"/home/andrew/rs-school/final-task/bookstore/bookstore/src/pages/Page404/Page404.tsx","statementMap":{"0":{"start":{"line":1,"column":0},"end":{"line":1,"column":26}},"1":{"start":{"line":2,"column":0},"end":{"line":2,"column":42}},"2":{"start":{"line":4,"column":0},"end":{"line":4,"column":40}},"3":{"start":{"line":7,"column":2},"end":{"line":12,"column":4}},"4":{"start":{"line":6,"column":0},"end":{"line":6,"column":16}}},"fnMap":{"0":{"name":"Page404","decl":{"start":{"line":6,"column":16},"end":{"line":6,"column":23}},"loc":{"start":{"line":6,"column":23},"end":{"line":13,"column":1}}}},"branchMap":{},"s":{"0":0,"1":0,"2":0,"3":0,"4":0},"f":{"0":0},"b":{}}
,"/home/andrew/rs-school/final-task/bookstore/bookstore/src/pages/Page404/index.tsx": {"path":"/home/andrew/rs-school/final-task/bookstore/bookstore/src/pages/Page404/index.tsx","statementMap":{"0":{"start":{"line":1,"column":0},"end":{"line":1,"column":36}},"1":{"start":{"line":3,"column":0},"end":{"line":3,"column":23}}},"fnMap":{},"branchMap":{},"s":{"0":0,"1":0},"f":{},"b":{}}
,"/home/andrew/rs-school/final-task/bookstore/bookstore/src/pages/Products/Products.tsx": {"path":"/home/andrew/rs-school/final-task/bookstore/bookstore/src/pages/Products/Products.tsx","statementMap":{"0":{"start":{"line":1,"column":0},"end":{"line":1,"column":26}},"1":{"start":{"line":4,"column":2},"end":{"line":4,"column":77}},"2":{"start":{"line":3,"column":0},"end":{"line":3,"column":16}}},"fnMap":{"0":{"name":"Products","decl":{"start":{"line":3,"column":16},"end":{"line":3,"column":24}},"loc":{"start":{"line":3,"column":24},"end":{"line":5,"column":1}}}},"branchMap":{},"s":{"0":0,"1":0,"2":0},"f":{"0":0},"b":{}}
,"/home/andrew/rs-school/final-task/bookstore/bookstore/src/pages/Products/index.tsx": {"path":"/home/andrew/rs-school/final-task/bookstore/bookstore/src/pages/Products/index.tsx","statementMap":{"0":{"start":{"line":1,"column":0},"end":{"line":1,"column":38}},"1":{"start":{"line":3,"column":0},"end":{"line":3,"column":24}}},"fnMap":{},"branchMap":{},"s":{"0":0,"1":0},"f":{},"b":{}}
,"/home/andrew/rs-school/final-task/bookstore/bookstore/src/pages/Reg/Reg.tsx": {"path":"/home/andrew/rs-school/final-task/bookstore/bookstore/src/pages/Reg/Reg.tsx","statementMap":{"0":{"start":{"line":1,"column":0},"end":{"line":1,"column":52}},"1":{"start":{"line":2,"column":0},"end":{"line":2,"column":68}},"2":{"start":{"line":3,"column":0},"end":{"line":3,"column":66}},"3":{"start":{"line":4,"column":0},"end":{"line":4,"column":42}},"4":{"start":{"line":5,"column":0},"end":{"line":5,"column":52}},"5":{"start":{"line":6,"column":0},"end":{"line":6,"column":47}},"6":{"start":{"line":7,"column":0},"end":{"line":7,"column":100}},"7":{"start":{"line":8,"column":0},"end":{"line":8,"column":71}},"8":{"start":{"line":9,"column":0},"end":{"line":9,"column":119}},"9":{"start":{"line":10,"column":0},"end":{"line":10,"column":32}},"10":{"start":{"line":12,"column":0},"end":{"line":12,"column":20}},"11":{"start":{"line":14,"column":0},"end":{"line":14,"column":41}},"12":{"start":{"line":15,"column":0},"end":{"line":15,"column":46}},"13":{"start":{"line":17,"column":0},"end":{"line":17,"column":16}},"14":{"start":{"line":18,"column":38},"end":{"line":18,"column":53}},"15":{"start":{"line":18,"column":20},"end":{"line":18,"column":22}},"16":{"start":{"line":18,"column":34},"end":{"line":18,"column":38}},"17":{"start":{"line":19,"column":48},"end":{"line":19,"column":63}},"18":{"start":{"line":19,"column":25},"end":{"line":19,"column":27}},"19":{"start":{"line":19,"column":44},"end":{"line":19,"column":48}},"20":{"start":{"line":20,"column":50},"end":{"line":20,"column":65}},"21":{"start":{"line":20,"column":26},"end":{"line":20,"column":28}},"22":{"start":{"line":20,"column":46},"end":{"line":20,"column":50}},"23":{"start":{"line":21,"column":42},"end":{"line":21,"column":62}},"24":{"start":{"line":21,"column":21},"end":{"line":21,"column":23}},"25":{"start":{"line":21,"column":38},"end":{"line":21,"column":42}},"26":{"start":{"line":22,"column":46},"end":{"line":22,"column":66}},"27":{"start":{"line":22,"column":23},"end":{"line":22,"column":25}},"28":{"start":{"line":22,"column":42},"end":{"line":22,"column":46}},"29":{"start":{"line":23,"column":46},"end":{"line":23,"column":70}},"30":{"start":{"line":23,"column":23},"end":{"line":23,"column":25}},"31":{"start":{"line":23,"column":42},"end":{"line":23,"column":46}},"32":{"start":{"line":32,"column":6},"end":{"line":50,"column":4}},"33":{"start":{"line":25,"column":12},"end":{"line":25,"column":null}},"34":{"start":{"line":26,"column":13},"end":{"line":26,"column":null}},"35":{"start":{"line":27,"column":12},"end":{"line":27,"column":null}},"36":{"start":{"line":28,"column":11},"end":{"line":28,"column":null}},"37":{"start":{"line":29,"column":15},"end":{"line":29,"column":null}},"38":{"start":{"line":30,"column":16},"end":{"line":30,"column":null}},"39":{"start":{"line":31,"column":23},"end":{"line":31,"column":null}},"40":{"start":{"line":52,"column":15},"end":{"line":52,"column":34}},"41":{"start":{"line":53,"column":19},"end":{"line":53,"column":32}},"42":{"start":{"line":55,"column":17},"end":{"line":97,"column":4}},"43":{"start":{"line":56,"column":10},"end":{"line":56,"column":37}},"44":{"start":{"line":57,"column":10},"end":{"line":57,"column":43}},"45":{"start":{"line":59,"column":10},"end":{"line":76,"column":6}},"46":{"start":{"line":78,"column":17},"end":{"line":84,"column":null}},"47":{"start":{"line":80,"column":8},"end":{"line":80,"column":24}},"48":{"start":{"line":83,"column":8},"end":{"line":83,"column":21}},"49":{"start":{"line":78,"column":10},"end":{"line":84,"column":null}},"50":{"start":{"line":86,"column":8},"end":{"line":86,"column":12}},"51":{"start":{"line":87,"column":25},"end":{"line":87,"column":null}},"52":{"start":{"line":87,"column":12},"end":{"line":87,"column":null}},"53":{"start":{"line":89,"column":6},"end":{"line":93,"column":null}},"54":{"start":{"line":90,"column":8},"end":{"line":90,"column":29}},"55":{"start":{"line":91,"column":8},"end":{"line":91,"column":32}},"56":{"start":{"line":92,"column":8},"end":{"line":92,"column":40}},"57":{"start":{"line":95,"column":6},"end":{"line":95,"column":30}},"58":{"start":{"line":99,"column":25},"end":{"line":105,"column":3}},"59":{"start":{"line":100,"column":4},"end":{"line":103,"column":null}},"60":{"start":{"line":101,"column":6},"end":{"line":101,"column":30}},"61":{"start":{"line":102,"column":6},"end":{"line":102,"column":13}},"62":{"start":{"line":104,"column":4},"end":{"line":104,"column":32}},"63":{"start":{"line":107,"column":27},"end":{"line":113,"column":3}},"64":{"start":{"line":108,"column":4},"end":{"line":111,"column":null}},"65":{"start":{"line":109,"column":6},"end":{"line":109,"column":32}},"66":{"start":{"line":110,"column":6},"end":{"line":110,"column":13}},"67":{"start":{"line":112,"column":4},"end":{"line":112,"column":34}},"68":{"start":{"line":115,"column":19},"end":{"line":115,"column":31}},"69":{"start":{"line":115,"column":25},"end":{"line":115,"column":34}},"70":{"start":{"line":117,"column":2},"end":{"line":375,"column":4}},"71":{"start":{"line":140,"column":34},"end":{"line":140,"column":null}},"72":{"start":{"line":157,"column":39},"end":{"line":157,"column":null}},"73":{"start":{"line":174,"column":37},"end":{"line":174,"column":null}},"74":{"start":{"line":184,"column":37},"end":{"line":184,"column":null}},"75":{"start":{"line":194,"column":37},"end":{"line":194,"column":null}},"76":{"start":{"line":206,"column":12},"end":{"line":206,"column":43}},"77":{"start":{"line":207,"column":12},"end":{"line":211,"column":null}},"78":{"start":{"line":208,"column":14},"end":{"line":208,"column":99}},"79":{"start":{"line":210,"column":14},"end":{"line":210,"column":95}},"80":{"start":{"line":212,"column":12},"end":{"line":212,"column":67}},"81":{"start":{"line":213,"column":12},"end":{"line":213,"column":63}},"82":{"start":{"line":214,"column":12},"end":{"line":214,"column":75}},"83":{"start":{"line":215,"column":12},"end":{"line":215,"column":69}},"84":{"start":{"line":226,"column":39},"end":{"line":226,"column":null}},"85":{"start":{"line":228,"column":20},"end":{"line":231,"column":null}},"86":{"start":{"line":229,"column":22},"end":{"line":229,"column":74}},"87":{"start":{"line":230,"column":22},"end":{"line":230,"column":47}},"88":{"start":{"line":242,"column":39},"end":{"line":242,"column":null}},"89":{"start":{"line":244,"column":20},"end":{"line":247,"column":null}},"90":{"start":{"line":245,"column":22},"end":{"line":245,"column":72}},"91":{"start":{"line":246,"column":22},"end":{"line":246,"column":45}},"92":{"start":{"line":259,"column":20},"end":{"line":259,"column":null}},"93":{"start":{"line":261,"column":20},"end":{"line":264,"column":null}},"94":{"start":{"line":262,"column":22},"end":{"line":262,"column":78}},"95":{"start":{"line":263,"column":22},"end":{"line":263,"column":51}},"96":{"start":{"line":274,"column":39},"end":{"line":274,"column":null}},"97":{"start":{"line":276,"column":20},"end":{"line":276,"column":50}},"98":{"start":{"line":277,"column":20},"end":{"line":280,"column":null}},"99":{"start":{"line":278,"column":22},"end":{"line":278,"column":75}},"100":{"start":{"line":279,"column":22},"end":{"line":279,"column":51}},"101":{"start":{"line":295,"column":31},"end":{"line":295,"column":null}},"102":{"start":{"line":306,"column":39},"end":{"line":306,"column":null}},"103":{"start":{"line":317,"column":39},"end":{"line":317,"column":null}},"104":{"start":{"line":329,"column":20},"end":{"line":329,"column":null}},"105":{"start":{"line":339,"column":39},"end":{"line":339,"column":null}},"106":{"start":{"line":341,"column":20},"end":{"line":341,"column":49}},"107":{"start":{"line":356,"column":31},"end":{"line":356,"column":null}}},"fnMap":{"0":{"name":"Reg","decl":{"start":{"line":17,"column":16},"end":{"line":17,"column":19}},"loc":{"start":{"line":17,"column":19},"end":{"line":376,"column":1}}},"1":{"name":"(anonymous_23)","decl":{"start":{"line":55,"column":17},"end":{"line":55,"column":null}},"loc":{"start":{"line":55,"column":17},"end":{"line":97,"column":4}}},"2":{"name":"(anonymous_26)","decl":{"start":{"line":79,"column":12},"end":{"line":79,"column":13}},"loc":{"start":{"line":79,"column":21},"end":{"line":81,"column":7}}},"3":{"name":"(anonymous_27)","decl":{"start":{"line":82,"column":13},"end":{"line":82,"column":14}},"loc":{"start":{"line":82,"column":19},"end":{"line":84,"column":7}}},"4":{"name":"(anonymous_28)","decl":{"start":{"line":99,"column":25},"end":{"line":99,"column":null}},"loc":{"start":{"line":99,"column":25},"end":{"line":105,"column":3}}},"5":{"name":"(anonymous_29)","decl":{"start":{"line":107,"column":27},"end":{"line":107,"column":null}},"loc":{"start":{"line":107,"column":27},"end":{"line":113,"column":3}}},"6":{"name":"(anonymous_30)","decl":{"start":{"line":115,"column":19},"end":{"line":115,"column":25}},"loc":{"start":{"line":115,"column":19},"end":{"line":115,"column":31}}},"7":{"name":"(anonymous_31)","decl":{"start":{"line":140,"column":28},"end":{"line":140,"column":34}},"loc":{"start":{"line":140,"column":28},"end":{"line":140,"column":41}}},"8":{"name":"(anonymous_32)","decl":{"start":{"line":157,"column":28},"end":{"line":157,"column":29}},"loc":{"start":{"line":157,"column":34},"end":{"line":157,"column":44}}},"9":{"name":"(anonymous_33)","decl":{"start":{"line":174,"column":26},"end":{"line":174,"column":27}},"loc":{"start":{"line":174,"column":32},"end":{"line":174,"column":48}}},"10":{"name":"(anonymous_34)","decl":{"start":{"line":184,"column":26},"end":{"line":184,"column":27}},"loc":{"start":{"line":184,"column":32},"end":{"line":184,"column":48}}},"11":{"name":"(anonymous_35)","decl":{"start":{"line":194,"column":26},"end":{"line":194,"column":27}},"loc":{"start":{"line":194,"column":32},"end":{"line":194,"column":50}}},"12":{"name":"(anonymous_36)","decl":{"start":{"line":205,"column":20},"end":{"line":205,"column":21}},"loc":{"start":{"line":205,"column":22},"end":{"line":216,"column":11}}},"13":{"name":"(anonymous_37)","decl":{"start":{"line":226,"column":28},"end":{"line":226,"column":29}},"loc":{"start":{"line":226,"column":34},"end":{"line":226,"column":53}}},"14":{"name":"(anonymous_38)","decl":{"start":{"line":227,"column":28},"end":{"line":227,"column":29}},"loc":{"start":{"line":227,"column":30},"end":{"line":232,"column":19}}},"15":{"name":"(anonymous_39)","decl":{"start":{"line":242,"column":28},"end":{"line":242,"column":29}},"loc":{"start":{"line":242,"column":34},"end":{"line":242,"column":50}}},"16":{"name":"(anonymous_40)","decl":{"start":{"line":243,"column":28},"end":{"line":243,"column":29}},"loc":{"start":{"line":243,"column":30},"end":{"line":248,"column":19}}},"17":{"name":"(anonymous_41)","decl":{"start":{"line":258,"column":28},"end":{"line":258,"column":29}},"loc":{"start":{"line":258,"column":34},"end":{"line":259,"column":35}}},"18":{"name":"(anonymous_42)","decl":{"start":{"line":260,"column":28},"end":{"line":260,"column":29}},"loc":{"start":{"line":260,"column":30},"end":{"line":265,"column":19}}},"19":{"name":"(anonymous_43)","decl":{"start":{"line":274,"column":28},"end":{"line":274,"column":29}},"loc":{"start":{"line":274,"column":34},"end":{"line":274,"column":44}}},"20":{"name":"(anonymous_44)","decl":{"start":{"line":275,"column":28},"end":{"line":275,"column":29}},"loc":{"start":{"line":275,"column":30},"end":{"line":281,"column":19}}},"21":{"name":"(anonymous_45)","decl":{"start":{"line":295,"column":24},"end":{"line":295,"column":25}},"loc":{"start":{"line":295,"column":26},"end":{"line":295,"column":49}}},"22":{"name":"(anonymous_46)","decl":{"start":{"line":306,"column":28},"end":{"line":306,"column":29}},"loc":{"start":{"line":306,"column":34},"end":{"line":306,"column":53}}},"23":{"name":"(anonymous_47)","decl":{"start":{"line":317,"column":28},"end":{"line":317,"column":29}},"loc":{"start":{"line":317,"column":34},"end":{"line":317,"column":50}}},"24":{"name":"(anonymous_48)","decl":{"start":{"line":328,"column":28},"end":{"line":328,"column":29}},"loc":{"start":{"line":328,"column":34},"end":{"line":329,"column":35}}},"25":{"name":"(anonymous_49)","decl":{"start":{"line":339,"column":28},"end":{"line":339,"column":29}},"loc":{"start":{"line":339,"column":34},"end":{"line":339,"column":44}}},"26":{"name":"(anonymous_50)","decl":{"start":{"line":340,"column":28},"end":{"line":340,"column":null}},"loc":{"start":{"line":340,"column":28},"end":{"line":342,"column":19}}},"27":{"name":"(anonymous_51)","decl":{"start":{"line":356,"column":24},"end":{"line":356,"column":25}},"loc":{"start":{"line":356,"column":26},"end":{"line":356,"column":48}}}},"branchMap":{"0":{"loc":{"start":{"line":86,"column":8},"end":{"line":86,"column":12}},"type":"if","locations":[{"start":{"line":86,"column":8},"end":{"line":86,"column":12}}]},"1":{"loc":{"start":{"line":89,"column":6},"end":{"line":93,"column":null}},"type":"if","locations":[{"start":{"line":89,"column":6},"end":{"line":93,"column":null}}]},"2":{"loc":{"start":{"line":100,"column":4},"end":{"line":103,"column":null}},"type":"if","locations":[{"start":{"line":100,"column":4},"end":{"line":103,"column":null}}]},"3":{"loc":{"start":{"line":108,"column":4},"end":{"line":111,"column":null}},"type":"if","locations":[{"start":{"line":108,"column":4},"end":{"line":111,"column":null}}]},"4":{"loc":{"start":{"line":119,"column":7},"end":{"line":119,"column":61}},"type":"binary-expr","locations":[{"start":{"line":119,"column":7},"end":{"line":119,"column":18}},{"start":{"line":119,"column":22},"end":{"line":119,"column":61}}]},"5":{"loc":{"start":{"line":121,"column":7},"end":{"line":121,"column":107}},"type":"binary-expr","locations":[{"start":{"line":121,"column":7},"end":{"line":121,"column":21}},{"start":{"line":121,"column":25},"end":{"line":121,"column":107}}]},"6":{"loc":{"start":{"line":128,"column":41},"end":{"line":128,"column":62}},"type":"cond-expr","locations":[{"start":{"line":128,"column":53},"end":{"line":128,"column":55}},{"start":{"line":128,"column":53},"end":{"line":128,"column":62}}]},"7":{"loc":{"start":{"line":128,"column":41},"end":{"line":128,"column":55}},"type":"binary-expr","locations":[{"start":{"line":128,"column":41},"end":{"line":128,"column":55}},{"start":{"line":128,"column":53},"end":{"line":128,"column":55}}]},"8":{"loc":{"start":{"line":144,"column":17},"end":{"line":144,"column":113}},"type":"cond-expr","locations":[{"start":{"line":144,"column":47},"end":{"line":144,"column":76}},{"start":{"line":144,"column":79},"end":{"line":144,"column":113}}]},"9":{"loc":{"start":{"line":147,"column":41},"end":{"line":147,"column":65}},"type":"cond-expr","locations":[{"start":{"line":147,"column":56},"end":{"line":147,"column":58}},{"start":{"line":147,"column":56},"end":{"line":147,"column":65}}]},"10":{"loc":{"start":{"line":147,"column":41},"end":{"line":147,"column":58}},"type":"binary-expr","locations":[{"start":{"line":147,"column":41},"end":{"line":147,"column":58}},{"start":{"line":147,"column":56},"end":{"line":147,"column":58}}]},"11":{"loc":{"start":{"line":157,"column":39},"end":{"line":157,"column":99}},"type":"binary-expr","locations":[{"start":{"line":157,"column":39},"end":{"line":157,"column":70}},{"start":{"line":157,"column":74},"end":{"line":157,"column":99}}]},"12":{"loc":{"start":{"line":161,"column":17},"end":{"line":161,"column":115}},"type":"cond-expr","locations":[{"start":{"line":161,"column":49},"end":{"line":161,"column":78}},{"start":{"line":161,"column":81},"end":{"line":161,"column":115}}]},"13":{"loc":{"start":{"line":164,"column":41},"end":{"line":164,"column":71}},"type":"cond-expr","locations":[{"start":{"line":164,"column":62},"end":{"line":164,"column":64}},{"start":{"line":164,"column":62},"end":{"line":164,"column":71}}]},"14":{"loc":{"start":{"line":164,"column":41},"end":{"line":164,"column":64}},"type":"binary-expr","locations":[{"start":{"line":164,"column":41},"end":{"line":164,"column":64}},{"start":{"line":164,"column":62},"end":{"line":164,"column":64}}]},"15":{"loc":{"start":{"line":174,"column":37},"end":{"line":174,"column":91}},"type":"binary-expr","locations":[{"start":{"line":174,"column":37},"end":{"line":174,"column":60}},{"start":{"line":174,"column":64},"end":{"line":174,"column":91}}]},"16":{"loc":{"start":{"line":177,"column":41},"end":{"line":177,"column":66}},"type":"cond-expr","locations":[{"start":{"line":177,"column":57},"end":{"line":177,"column":59}},{"start":{"line":177,"column":57},"end":{"line":177,"column":66}}]},"17":{"loc":{"start":{"line":177,"column":41},"end":{"line":177,"column":59}},"type":"binary-expr","locations":[{"start":{"line":177,"column":41},"end":{"line":177,"column":59}},{"start":{"line":177,"column":57},"end":{"line":177,"column":59}}]},"18":{"loc":{"start":{"line":184,"column":37},"end":{"line":184,"column":96}},"type":"binary-expr","locations":[{"start":{"line":184,"column":37},"end":{"line":184,"column":60}},{"start":{"line":184,"column":64},"end":{"line":184,"column":96}}]},"19":{"loc":{"start":{"line":187,"column":41},"end":{"line":187,"column":65}},"type":"cond-expr","locations":[{"start":{"line":187,"column":56},"end":{"line":187,"column":58}},{"start":{"line":187,"column":56},"end":{"line":187,"column":65}}]},"20":{"loc":{"start":{"line":187,"column":41},"end":{"line":187,"column":58}},"type":"binary-expr","locations":[{"start":{"line":187,"column":41},"end":{"line":187,"column":58}},{"start":{"line":187,"column":56},"end":{"line":187,"column":58}}]},"21":{"loc":{"start":{"line":194,"column":37},"end":{"line":194,"column":83}},"type":"binary-expr","locations":[{"start":{"line":194,"column":37},"end":{"line":194,"column":57}},{"start":{"line":194,"column":61},"end":{"line":194,"column":83}}]},"22":{"loc":{"start":{"line":197,"column":41},"end":{"line":197,"column":65}},"type":"cond-expr","locations":[{"start":{"line":197,"column":56},"end":{"line":197,"column":58}},{"start":{"line":197,"column":56},"end":{"line":197,"column":65}}]},"23":{"loc":{"start":{"line":197,"column":41},"end":{"line":197,"column":58}},"type":"binary-expr","locations":[{"start":{"line":197,"column":41},"end":{"line":197,"column":58}},{"start":{"line":197,"column":56},"end":{"line":197,"column":58}}]},"24":{"loc":{"start":{"line":207,"column":12},"end":{"line":211,"column":null}},"type":"if","locations":[{"start":{"line":207,"column":12},"end":{"line":211,"column":null}},{"start":{"line":209,"column":19},"end":{"line":211,"column":null}}]},"25":{"loc":{"start":{"line":226,"column":39},"end":{"line":226,"column":98}},"type":"binary-expr","locations":[{"start":{"line":226,"column":39},"end":{"line":226,"column":65}},{"start":{"line":226,"column":69},"end":{"line":226,"column":98}}]},"26":{"loc":{"start":{"line":228,"column":20},"end":{"line":231,"column":null}},"type":"if","locations":[{"start":{"line":228,"column":20},"end":{"line":231,"column":null}}]},"27":{"loc":{"start":{"line":235,"column":43},"end":{"line":235,"column":73}},"type":"cond-expr","locations":[{"start":{"line":235,"column":64},"end":{"line":235,"column":66}},{"start":{"line":235,"column":64},"end":{"line":235,"column":73}}]},"28":{"loc":{"start":{"line":235,"column":43},"end":{"line":235,"column":66}},"type":"binary-expr","locations":[{"start":{"line":235,"column":43},"end":{"line":235,"column":66}},{"start":{"line":235,"column":64},"end":{"line":235,"column":66}}]},"29":{"loc":{"start":{"line":242,"column":39},"end":{"line":242,"column":93}},"type":"binary-expr","locations":[{"start":{"line":242,"column":39},"end":{"line":242,"column":62}},{"start":{"line":242,"column":66},"end":{"line":242,"column":93}}]},"30":{"loc":{"start":{"line":244,"column":20},"end":{"line":247,"column":null}},"type":"if","locations":[{"start":{"line":244,"column":20},"end":{"line":247,"column":null}}]},"31":{"loc":{"start":{"line":251,"column":43},"end":{"line":251,"column":71}},"type":"cond-expr","locations":[{"start":{"line":251,"column":62},"end":{"line":251,"column":64}},{"start":{"line":251,"column":62},"end":{"line":251,"column":71}}]},"32":{"loc":{"start":{"line":251,"column":43},"end":{"line":251,"column":64}},"type":"binary-expr","locations":[{"start":{"line":251,"column":43},"end":{"line":251,"column":64}},{"start":{"line":251,"column":62},"end":{"line":251,"column":64}}]},"33":{"loc":{"start":{"line":259,"column":20},"end":{"line":259,"column":110}},"type":"binary-expr","locations":[{"start":{"line":259,"column":20},"end":{"line":259,"column":72}},{"start":{"line":259,"column":76},"end":{"line":259,"column":110}}]},"34":{"loc":{"start":{"line":261,"column":20},"end":{"line":264,"column":null}},"type":"if","locations":[{"start":{"line":261,"column":20},"end":{"line":264,"column":null}}]},"35":{"loc":{"start":{"line":268,"column":43},"end":{"line":268,"column":77}},"type":"cond-expr","locations":[{"start":{"line":268,"column":68},"end":{"line":268,"column":70}},{"start":{"line":268,"column":68},"end":{"line":268,"column":77}}]},"36":{"loc":{"start":{"line":268,"column":43},"end":{"line":268,"column":70}},"type":"binary-expr","locations":[{"start":{"line":268,"column":43},"end":{"line":268,"column":70}},{"start":{"line":268,"column":68},"end":{"line":268,"column":70}}]},"37":{"loc":{"start":{"line":274,"column":39},"end":{"line":274,"column":87}},"type":"binary-expr","locations":[{"start":{"line":274,"column":39},"end":{"line":274,"column":60}},{"start":{"line":274,"column":64},"end":{"line":274,"column":87}}]},"38":{"loc":{"start":{"line":277,"column":20},"end":{"line":280,"column":null}},"type":"if","locations":[{"start":{"line":277,"column":20},"end":{"line":280,"column":null}}]},"39":{"loc":{"start":{"line":288,"column":43},"end":{"line":288,"column":74}},"type":"cond-expr","locations":[{"start":{"line":288,"column":65},"end":{"line":288,"column":67}},{"start":{"line":288,"column":65},"end":{"line":288,"column":74}}]},"40":{"loc":{"start":{"line":288,"column":43},"end":{"line":288,"column":67}},"type":"binary-expr","locations":[{"start":{"line":288,"column":43},"end":{"line":288,"column":67}},{"start":{"line":288,"column":65},"end":{"line":288,"column":67}}]},"41":{"loc":{"start":{"line":306,"column":39},"end":{"line":306,"column":98}},"type":"binary-expr","locations":[{"start":{"line":306,"column":39},"end":{"line":306,"column":65}},{"start":{"line":306,"column":69},"end":{"line":306,"column":98}}]},"42":{"loc":{"start":{"line":309,"column":43},"end":{"line":309,"column":72}},"type":"cond-expr","locations":[{"start":{"line":309,"column":63},"end":{"line":309,"column":65}},{"start":{"line":309,"column":63},"end":{"line":309,"column":72}}]},"43":{"loc":{"start":{"line":309,"column":43},"end":{"line":309,"column":65}},"type":"binary-expr","locations":[{"start":{"line":309,"column":43},"end":{"line":309,"column":65}},{"start":{"line":309,"column":63},"end":{"line":309,"column":65}}]},"44":{"loc":{"start":{"line":317,"column":39},"end":{"line":317,"column":93}},"type":"binary-expr","locations":[{"start":{"line":317,"column":39},"end":{"line":317,"column":62}},{"start":{"line":317,"column":66},"end":{"line":317,"column":93}}]},"45":{"loc":{"start":{"line":320,"column":43},"end":{"line":320,"column":70}},"type":"cond-expr","locations":[{"start":{"line":320,"column":61},"end":{"line":320,"column":63}},{"start":{"line":320,"column":61},"end":{"line":320,"column":70}}]},"46":{"loc":{"start":{"line":320,"column":43},"end":{"line":320,"column":63}},"type":"binary-expr","locations":[{"start":{"line":320,"column":43},"end":{"line":320,"column":63}},{"start":{"line":320,"column":61},"end":{"line":320,"column":63}}]},"47":{"loc":{"start":{"line":329,"column":20},"end":{"line":329,"column":109}},"type":"binary-expr","locations":[{"start":{"line":329,"column":20},"end":{"line":329,"column":71}},{"start":{"line":329,"column":75},"end":{"line":329,"column":109}}]},"48":{"loc":{"start":{"line":332,"column":43},"end":{"line":332,"column":76}},"type":"cond-expr","locations":[{"start":{"line":332,"column":67},"end":{"line":332,"column":69}},{"start":{"line":332,"column":67},"end":{"line":332,"column":76}}]},"49":{"loc":{"start":{"line":332,"column":43},"end":{"line":332,"column":69}},"type":"binary-expr","locations":[{"start":{"line":332,"column":43},"end":{"line":332,"column":69}},{"start":{"line":332,"column":67},"end":{"line":332,"column":69}}]},"50":{"loc":{"start":{"line":339,"column":39},"end":{"line":339,"column":87}},"type":"binary-expr","locations":[{"start":{"line":339,"column":39},"end":{"line":339,"column":60}},{"start":{"line":339,"column":64},"end":{"line":339,"column":87}}]},"51":{"loc":{"start":{"line":349,"column":43},"end":{"line":349,"column":73}},"type":"cond-expr","locations":[{"start":{"line":349,"column":64},"end":{"line":349,"column":66}},{"start":{"line":349,"column":64},"end":{"line":349,"column":73}}]},"52":{"loc":{"start":{"line":349,"column":43},"end":{"line":349,"column":66}},"type":"binary-expr","locations":[{"start":{"line":349,"column":43},"end":{"line":349,"column":66}},{"start":{"line":349,"column":64},"end":{"line":349,"column":66}}]}},"s":{"0":0,"1":0,"2":0,"3":0,"4":0,"5":0,"6":0,"7":0,"8":0,"9":0,"10":0,"11":0,"12":0,"13":0,"14":0,"15":0,"16":0,"17":0,"18":0,"19":0,"20":0,"21":0,"22":0,"23":0,"24":0,"25":0,"26":0,"27":0,"28":0,"29":0,"30":0,"31":0,"32":0,"33":0,"34":0,"35":0,"36":0,"37":0,"38":0,"39":0,"40":0,"41":0,"42":0,"43":0,"44":0,"45":0,"46":0,"47":0,"48":0,"49":0,"50":0,"51":0,"52":0,"53":0,"54":0,"55":0,"56":0,"57":0,"58":0,"59":0,"60":0,"61":0,"62":0,"63":0,"64":0,"65":0,"66":0,"67":0,"68":0,"69":0,"70":0,"71":0,"72":0,"73":0,"74":0,"75":0,"76":0,"77":0,"78":0,"79":0,"80":0,"81":0,"82":0,"83":0,"84":0,"85":0,"86":0,"87":0,"88":0,"89":0,"90":0,"91":0,"92":0,"93":0,"94":0,"95":0,"96":0,"97":0,"98":0,"99":0,"100":0,"101":0,"102":0,"103":0,"104":0,"105":0,"106":0,"107":0},"f":{"0":0,"1":0,"2":0,"3":0,"4":0,"5":0,"6":0,"7":0,"8":0,"9":0,"10":0,"11":0,"12":0,"13":0,"14":0,"15":0,"16":0,"17":0,"18":0,"19":0,"20":0,"21":0,"22":0,"23":0,"24":0,"25":0,"26":0,"27":0},"b":{"0":[0],"1":[0],"2":[0],"3":[0],"4":[0,0],"5":[0,0],"6":[0,0],"7":[0,0],"8":[0,0],"9":[0,0],"10":[0,0],"11":[0,0],"12":[0,0],"13":[0,0],"14":[0,0],"15":[0,0],"16":[0,0],"17":[0,0],"18":[0,0],"19":[0,0],"20":[0,0],"21":[0,0],"22":[0,0],"23":[0,0],"24":[0,0],"25":[0,0],"26":[0],"27":[0,0],"28":[0,0],"29":[0,0],"30":[0],"31":[0,0],"32":[0,0],"33":[0,0],"34":[0],"35":[0,0],"36":[0,0],"37":[0,0],"38":[0],"39":[0,0],"40":[0,0],"41":[0,0],"42":[0,0],"43":[0,0],"44":[0,0],"45":[0,0],"46":[0,0],"47":[0,0],"48":[0,0],"49":[0,0],"50":[0,0],"51":[0,0],"52":[0,0]}}
,"/home/andrew/rs-school/final-task/bookstore/bookstore/src/pages/Reg/index.tsx": {"path":"/home/andrew/rs-school/final-task/bookstore/bookstore/src/pages/Reg/index.tsx","statementMap":{"0":{"start":{"line":1,"column":0},"end":{"line":1,"column":28}},"1":{"start":{"line":3,"column":0},"end":{"line":3,"column":19}}},"fnMap":{},"branchMap":{},"s":{"0":0,"1":0},"f":{},"b":{}}
,"/home/andrew/rs-school/final-task/bookstore/bookstore/src/services/apiClientDetailsSetter.tsx": {"path":"/home/andrew/rs-school/final-task/bookstore/bookstore/src/services/apiClientDetailsSetter.tsx","statementMap":{"0":{"start":{"line":4,"column":13},"end":{"line":11,"column":2}},"1":{"start":{"line":14,"column":13},"end":{"line":21,"column":2}},"2":{"start":{"line":24,"column":13},"end":{"line":31,"column":2}},"3":{"start":{"line":33,"column":13},"end":{"line":33,"column":83}},"4":{"start":{"line":34,"column":13},"end":{"line":34,"column":73}}},"fnMap":{},"branchMap":{},"s":{"0":2,"1":2,"2":2,"3":2,"4":2},"f":{},"b":{}}
,"/home/andrew/rs-school/final-task/bookstore/bookstore/src/services/authAndHttpMiddlewareOptionsSetter.tsx": {"path":"/home/andrew/rs-school/final-task/bookstore/bookstore/src/services/authAndHttpMiddlewareOptionsSetter.tsx","statementMap":{"0":{"start":{"line":8,"column":0},"end":{"line":8,"column":31}},"1":{"start":{"line":10,"column":0},"end":{"line":10,"column":63}},"2":{"start":{"line":12,"column":61},"end":{"line":23,"column":1}},"3":{"start":{"line":13,"column":2},"end":{"line":22,"column":4}},"4":{"start":{"line":12,"column":13},"end":{"line":12,"column":61}},"5":{"start":{"line":25,"column":52},"end":{"line":44,"column":1}},"6":{"start":{"line":30,"column":2},"end":{"line":43,"column":4}},"7":{"start":{"line":25,"column":13},"end":{"line":25,"column":52}},"8":{"start":{"line":46,"column":60},"end":{"line":59,"column":1}},"9":{"start":{"line":49,"column":2},"end":{"line":58,"column":4}},"10":{"start":{"line":46,"column":13},"end":{"line":46,"column":60}},"11":{"start":{"line":61,"column":56},"end":{"line":72,"column":1}},"12":{"start":{"line":62,"column":2},"end":{"line":71,"column":4}},"13":{"start":{"line":61,"column":13},"end":{"line":61,"column":56}},"14":{"start":{"line":74,"column":37},"end":{"line":79,"column":1}},"15":{"start":{"line":75,"column":2},"end":{"line":78,"column":4}},"16":{"start":{"line":74,"column":13},"end":{"line":74,"column":37}}},"fnMap":{"0":{"name":"(anonymous_1)","decl":{"start":{"line":12,"column":61},"end":{"line":12,"column":62}},"loc":{"start":{"line":12,"column":87},"end":{"line":23,"column":1}}},"1":{"name":"(anonymous_2)","decl":{"start":{"line":25,"column":52},"end":{"line":25,"column":null}},"loc":{"start":{"line":28,"column":18},"end":{"line":44,"column":1}}},"2":{"name":"(anonymous_3)","decl":{"start":{"line":46,"column":60},"end":{"line":46,"column":null}},"loc":{"start":{"line":47,"column":27},"end":{"line":59,"column":1}}},"3":{"name":"(anonymous_4)","decl":{"start":{"line":61,"column":56},"end":{"line":61,"column":57}},"loc":{"start":{"line":61,"column":82},"end":{"line":72,"column":1}}},"4":{"name":"(anonymous_5)","decl":{"start":{"line":74,"column":37},"end":{"line":74,"column":null}},"loc":{"start":{"line":74,"column":37},"end":{"line":79,"column":1}}}},"branchMap":{},"s":{"0":1,"1":1,"2":1,"3":1,"4":1,"5":1,"6":1,"7":1,"8":1,"9":0,"10":1,"11":1,"12":0,"13":1,"14":1,"15":0,"16":1},"f":{"0":1,"1":1,"2":0,"3":0,"4":0},"b":{}}
,"/home/andrew/rs-school/final-task/bookstore/bookstore/src/services/customerAuther.tsx": {"path":"/home/andrew/rs-school/final-task/bookstore/bookstore/src/services/customerAuther.tsx","statementMap":{"0":{"start":{"line":1,"column":0},"end":{"line":1,"column":116}},"1":{"start":{"line":2,"column":0},"end":{"line":2,"column":84}},"2":{"start":{"line":3,"column":0},"end":{"line":3,"column":69}},"3":{"start":{"line":4,"column":0},"end":{"line":4,"column":55}},"4":{"start":{"line":7,"column":38},"end":{"line":25,"column":1}},"5":{"start":{"line":8,"column":18},"end":{"line":10,"column":4}},"6":{"start":{"line":12,"column":2},"end":{"line":24,"column":7}},"7":{"start":{"line":19,"column":17},"end":{"line":19,"column":19}},"8":{"start":{"line":20,"column":6},"end":{"line":20,"column":18}},"9":{"start":{"line":23,"column":6},"end":{"line":23,"column":19}},"10":{"start":{"line":7,"column":13},"end":{"line":7,"column":38}},"11":{"start":{"line":28,"column":41},"end":{"line":47,"column":2}},"12":{"start":{"line":28,"column":73},"end":{"line":47,"column":2}},"13":{"start":{"line":29,"column":8},"end":{"line":31,"column":5}},"14":{"start":{"line":33,"column":8},"end":{"line":44,"column":7}},"15":{"start":{"line":39,"column":17},"end":{"line":39,"column":19}},"16":{"start":{"line":40,"column":6},"end":{"line":40,"column":18}},"17":{"start":{"line":43,"column":6},"end":{"line":43,"column":18}},"18":{"start":{"line":46,"column":2},"end":{"line":46,"column":14}},"19":{"start":{"line":28,"column":13},"end":{"line":28,"column":41}}},"fnMap":{"0":{"name":"(anonymous_13)","decl":{"start":{"line":7,"column":38},"end":{"line":7,"column":39}},"loc":{"start":{"line":7,"column":64},"end":{"line":25,"column":1}}},"1":{"name":"(anonymous_14)","decl":{"start":{"line":19,"column":10},"end":{"line":19,"column":11}},"loc":{"start":{"line":19,"column":19},"end":{"line":21,"column":5}}},"2":{"name":"(anonymous_15)","decl":{"start":{"line":22,"column":11},"end":{"line":22,"column":12}},"loc":{"start":{"line":22,"column":17},"end":{"line":24,"column":5}}},"3":{"name":"(anonymous_16)","decl":{"start":{"line":28,"column":41},"end":{"line":28,"column":48}},"loc":{"start":{"line":28,"column":73},"end":{"line":47,"column":2}}},"4":{"name":"(anonymous_17)","decl":{"start":{"line":28,"column":73},"end":{"line":28,"column":null}},"loc":{"start":{"line":28,"column":73},"end":{"line":47,"column":2}}},"5":{"name":"(anonymous_19)","decl":{"start":{"line":39,"column":10},"end":{"line":39,"column":11}},"loc":{"start":{"line":39,"column":19},"end":{"line":41,"column":5}}},"6":{"name":"(anonymous_20)","decl":{"start":{"line":42,"column":11},"end":{"line":42,"column":12}},"loc":{"start":{"line":42,"column":17},"end":{"line":44,"column":5}}}},"branchMap":{},"s":{"0":0,"1":0,"2":0,"3":0,"4":0,"5":0,"6":0,"7":0,"8":0,"9":0,"10":0,"11":0,"12":0,"13":0,"14":0,"15":0,"16":0,"17":0,"18":0,"19":0},"f":{"0":0,"1":0,"2":0,"3":0,"4":0,"5":0,"6":0},"b":{}}
,"/home/andrew/rs-school/final-task/bookstore/bookstore/src/services/customerCreator.tsx": {"path":"/home/andrew/rs-school/final-task/bookstore/bookstore/src/services/customerCreator.tsx","statementMap":{"0":{"start":{"line":1,"column":0},"end":{"line":1,"column":98}},"1":{"start":{"line":2,"column":0},"end":{"line":2,"column":42}},"2":{"start":{"line":3,"column":0},"end":{"line":3,"column":108}},"3":{"start":{"line":5,"column":0},"end":{"line":5,"column":55}},"4":{"start":{"line":7,"column":34},"end":{"line":79,"column":1}},"5":{"start":{"line":25,"column":30},"end":{"line":25,"column":73}},"6":{"start":{"line":26,"column":29},"end":{"line":26,"column":71}},"7":{"start":{"line":28,"column":39},"end":{"line":33,"column":4}},"8":{"start":{"line":35,"column":38},"end":{"line":40,"column":4}},"9":{"start":{"line":42,"column":35},"end":{"line":47,"column":6}},"10":{"start":{"line":43,"column":4},"end":{"line":45,"column":null}},"11":{"start":{"line":44,"column":6},"end":{"line":44,"column":31}},"12":{"start":{"line":46,"column":4},"end":{"line":46,"column":45}},"13":{"start":{"line":49,"column":37},"end":{"line":54,"column":6}},"14":{"start":{"line":50,"column":4},"end":{"line":52,"column":null}},"15":{"start":{"line":51,"column":6},"end":{"line":51,"column":17}},"16":{"start":{"line":53,"column":4},"end":{"line":53,"column":15}},"17":{"start":{"line":56,"column":22},"end":{"line":56,"column":68}},"18":{"start":{"line":58,"column":41},"end":{"line":67,"column":4}},"19":{"start":{"line":69,"column":2},"end":{"line":71,"column":null}},"20":{"start":{"line":70,"column":4},"end":{"line":70,"column":47}},"21":{"start":{"line":73,"column":2},"end":{"line":76,"column":null}},"22":{"start":{"line":74,"column":36},"end":{"line":74,"column":69}},"23":{"start":{"line":75,"column":4},"end":{"line":75,"column":66}},"24":{"start":{"line":78,"column":2},"end":{"line":78,"column":25}},"25":{"start":{"line":7,"column":13},"end":{"line":7,"column":34}},"26":{"start":{"line":81,"column":26},"end":{"line":111,"column":2}},"27":{"start":{"line":81,"column":74},"end":{"line":111,"column":2}},"28":{"start":{"line":82,"column":8},"end":{"line":84,"column":5}},"29":{"start":{"line":86,"column":15},"end":{"line":108,"column":null}},"30":{"start":{"line":94,"column":17},"end":{"line":94,"column":19}},"31":{"start":{"line":95,"column":6},"end":{"line":100,"column":null}},"32":{"start":{"line":96,"column":8},"end":{"line":99,"column":10}},"33":{"start":{"line":101,"column":6},"end":{"line":104,"column":8}},"34":{"start":{"line":107,"column":6},"end":{"line":107,"column":18}},"35":{"start":{"line":86,"column":8},"end":{"line":108,"column":null}},"36":{"start":{"line":110,"column":2},"end":{"line":110,"column":14}},"37":{"start":{"line":81,"column":13},"end":{"line":81,"column":26}},"38":{"start":{"line":114,"column":39},"end":{"line":132,"column":1}},"39":{"start":{"line":115,"column":18},"end":{"line":117,"column":4}},"40":{"start":{"line":119,"column":2},"end":{"line":131,"column":7}},"41":{"start":{"line":126,"column":17},"end":{"line":126,"column":19}},"42":{"start":{"line":127,"column":6},"end":{"line":127,"column":18}},"43":{"start":{"line":130,"column":6},"end":{"line":130,"column":19}},"44":{"start":{"line":114,"column":13},"end":{"line":114,"column":39}},"45":{"start":{"line":135,"column":46},"end":{"line":154,"column":2}},"46":{"start":{"line":135,"column":83},"end":{"line":154,"column":2}},"47":{"start":{"line":136,"column":8},"end":{"line":138,"column":5}},"48":{"start":{"line":140,"column":8},"end":{"line":151,"column":7}},"49":{"start":{"line":146,"column":17},"end":{"line":146,"column":19}},"50":{"start":{"line":147,"column":6},"end":{"line":147,"column":18}},"51":{"start":{"line":150,"column":6},"end":{"line":150,"column":18}},"52":{"start":{"line":153,"column":2},"end":{"line":153,"column":14}},"53":{"start":{"line":135,"column":13},"end":{"line":135,"column":46}}},"fnMap":{"0":{"name":"(anonymous_14)","decl":{"start":{"line":7,"column":34},"end":{"line":7,"column":null}},"loc":{"start":{"line":23,"column":27},"end":{"line":79,"column":1}}},"1":{"name":"(anonymous_15)","decl":{"start":{"line":42,"column":36},"end":{"line":42,"column":null}},"loc":{"start":{"line":42,"column":36},"end":{"line":47,"column":3}}},"2":{"name":"(anonymous_16)","decl":{"start":{"line":49,"column":38},"end":{"line":49,"column":null}},"loc":{"start":{"line":49,"column":38},"end":{"line":54,"column":3}}},"3":{"name":"(anonymous_17)","decl":{"start":{"line":81,"column":26},"end":{"line":81,"column":33}},"loc":{"start":{"line":81,"column":74},"end":{"line":111,"column":2}}},"4":{"name":"(anonymous_18)","decl":{"start":{"line":81,"column":74},"end":{"line":81,"column":null}},"loc":{"start":{"line":81,"column":74},"end":{"line":111,"column":2}}},"5":{"name":"(anonymous_20)","decl":{"start":{"line":94,"column":10},"end":{"line":94,"column":11}},"loc":{"start":{"line":94,"column":19},"end":{"line":105,"column":5}}},"6":{"name":"(anonymous_21)","decl":{"start":{"line":106,"column":11},"end":{"line":106,"column":12}},"loc":{"start":{"line":106,"column":17},"end":{"line":108,"column":5}}},"7":{"name":"(anonymous_22)","decl":{"start":{"line":114,"column":39},"end":{"line":114,"column":40}},"loc":{"start":{"line":114,"column":70},"end":{"line":132,"column":1}}},"8":{"name":"(anonymous_23)","decl":{"start":{"line":126,"column":10},"end":{"line":126,"column":11}},"loc":{"start":{"line":126,"column":19},"end":{"line":128,"column":5}}},"9":{"name":"(anonymous_24)","decl":{"start":{"line":129,"column":11},"end":{"line":129,"column":12}},"loc":{"start":{"line":129,"column":17},"end":{"line":131,"column":5}}},"10":{"name":"(anonymous_25)","decl":{"start":{"line":135,"column":46},"end":{"line":135,"column":53}},"loc":{"start":{"line":135,"column":83},"end":{"line":154,"column":2}}},"11":{"name":"(anonymous_26)","decl":{"start":{"line":135,"column":83},"end":{"line":135,"column":null}},"loc":{"start":{"line":135,"column":83},"end":{"line":154,"column":2}}},"12":{"name":"(anonymous_28)","decl":{"start":{"line":146,"column":10},"end":{"line":146,"column":11}},"loc":{"start":{"line":146,"column":19},"end":{"line":148,"column":5}}},"13":{"name":"(anonymous_29)","decl":{"start":{"line":149,"column":11},"end":{"line":149,"column":12}},"loc":{"start":{"line":149,"column":17},"end":{"line":151,"column":5}}}},"branchMap":{"0":{"loc":{"start":{"line":43,"column":4},"end":{"line":45,"column":null}},"type":"if","locations":[{"start":{"line":43,"column":4},"end":{"line":45,"column":null}}]},"1":{"loc":{"start":{"line":50,"column":4},"end":{"line":52,"column":null}},"type":"if","locations":[{"start":{"line":50,"column":4},"end":{"line":52,"column":null}}]},"2":{"loc":{"start":{"line":69,"column":2},"end":{"line":71,"column":null}},"type":"if","locations":[{"start":{"line":69,"column":2},"end":{"line":71,"column":null}}]},"3":{"loc":{"start":{"line":73,"column":2},"end":{"line":76,"column":null}},"type":"if","locations":[{"start":{"line":73,"column":2},"end":{"line":76,"column":null}}]},"4":{"loc":{"start":{"line":95,"column":6},"end":{"line":100,"column":null}},"type":"if","locations":[{"start":{"line":95,"column":6},"end":{"line":100,"column":null}}]}},"s":{"0":0,"1":0,"2":0,"3":0,"4":0,"5":0,"6":0,"7":0,"8":0,"9":0,"10":0,"11":0,"12":0,"13":0,"14":0,"15":0,"16":0,"17":0,"18":0,"19":0,"20":0,"21":0,"22":0,"23":0,"24":0,"25":0,"26":0,"27":0,"28":0,"29":0,"30":0,"31":0,"32":0,"33":0,"34":0,"35":0,"36":0,"37":0,"38":0,"39":0,"40":0,"41":0,"42":0,"43":0,"44":0,"45":0,"46":0,"47":0,"48":0,"49":0,"50":0,"51":0,"52":0,"53":0},"f":{"0":0,"1":0,"2":0,"3":0,"4":0,"5":0,"6":0,"7":0,"8":0,"9":0,"10":0,"11":0,"12":0,"13":0},"b":{"0":[0],"1":[0],"2":[0],"3":[0],"4":[0]}}
,"/home/andrew/rs-school/final-task/bookstore/bookstore/src/services/withAnonymousSessionFlowClientBuilder.tsx": {"path":"/home/andrew/rs-school/final-task/bookstore/bookstore/src/services/withAnonymousSessionFlowClientBuilder.tsx","statementMap":{"0":{"start":{"line":1,"column":0},"end":{"line":1,"column":61}},"1":{"start":{"line":2,"column":0},"end":{"line":2,"column":null}},"2":{"start":{"line":6,"column":0},"end":{"line":6,"column":59}},"3":{"start":{"line":8,"column":13},"end":{"line":12,"column":11}}},"fnMap":{},"branchMap":{},"s":{"0":0,"1":0,"2":0,"3":0},"f":{},"b":{}}
,"/home/andrew/rs-school/final-task/bookstore/bookstore/src/services/withClientCredentialsFlowClientBuilder.tsx": {"path":"/home/andrew/rs-school/final-task/bookstore/bookstore/src/services/withClientCredentialsFlowClientBuilder.tsx","statementMap":{"0":{"start":{"line":1,"column":0},"end":{"line":1,"column":61}},"1":{"start":{"line":2,"column":0},"end":{"line":2,"column":null}},"2":{"start":{"line":6,"column":0},"end":{"line":6,"column":94}},"3":{"start":{"line":8,"column":13},"end":{"line":12,"column":11}},"4":{"start":{"line":14,"column":13},"end":{"line":18,"column":11}}},"fnMap":{},"branchMap":{},"s":{"0":0,"1":0,"2":0,"3":0,"4":0},"f":{},"b":{}}
,"/home/andrew/rs-school/final-task/bookstore/bookstore/src/services/withPasswordFlowClientBuilder.tsx": {"path":"/home/andrew/rs-school/final-task/bookstore/bookstore/src/services/withPasswordFlowClientBuilder.tsx","statementMap":{"0":{"start":{"line":1,"column":0},"end":{"line":1,"column":61}},"1":{"start":{"line":2,"column":0},"end":{"line":2,"column":115}},"2":{"start":{"line":3,"column":0},"end":{"line":3,"column":68}},"3":{"start":{"line":5,"column":34},"end":{"line":13,"column":1}},"4":{"start":{"line":6,"column":20},"end":{"line":10,"column":12}},"5":{"start":{"line":12,"column":2},"end":{"line":12,"column":19}},"6":{"start":{"line":5,"column":13},"end":{"line":5,"column":34}}},"fnMap":{"0":{"name":"(anonymous_0)","decl":{"start":{"line":5,"column":34},"end":{"line":5,"column":35}},"loc":{"start":{"line":5,"column":69},"end":{"line":13,"column":1}}}},"branchMap":{},"s":{"0":0,"1":0,"2":0,"3":0,"4":0,"5":0,"6":0},"f":{"0":0},"b":{}}
,"/home/andrew/rs-school/final-task/bookstore/bookstore/src/services/withRefreshTokenFlowClientBuilder.tsx": {"path":"/home/andrew/rs-school/final-task/bookstore/bookstore/src/services/withRefreshTokenFlowClientBuilder.tsx","statementMap":{"0":{"start":{"line":1,"column":0},"end":{"line":1,"column":61}},"1":{"start":{"line":2,"column":0},"end":{"line":2,"column":119}},"2":{"start":{"line":3,"column":0},"end":{"line":3,"column":59}},"3":{"start":{"line":5,"column":13},"end":{"line":9,"column":11}}},"fnMap":{},"branchMap":{},"s":{"0":0,"1":0,"2":0,"3":0},"f":{},"b":{}}
,"/home/andrew/rs-school/final-task/bookstore/bookstore/src/utils/User.tsx": {"path":"/home/andrew/rs-school/final-task/bookstore/bookstore/src/utils/User.tsx","statementMap":{"0":{"start":{"line":1,"column":0},"end":{"line":1,"column":42}},"1":{"start":{"line":3,"column":0},"end":{"line":3,"column":null}},"2":{"start":{"line":9,"column":4},"end":{"line":9,"column":25}},"3":{"start":{"line":10,"column":4},"end":{"line":10,"column":28}},"4":{"start":{"line":11,"column":4},"end":{"line":11,"column":29}},"5":{"start":{"line":14,"column":2},"end":{"line":16,"column":null}},"6":{"start":{"line":15,"column":4},"end":{"line":15,"column":24}},"7":{"start":{"line":18,"column":2},"end":{"line":20,"column":null}},"8":{"start":{"line":19,"column":4},"end":{"line":19,"column":24}},"9":{"start":{"line":22,"column":2},"end":{"line":24,"column":null}},"10":{"start":{"line":23,"column":4},"end":{"line":23,"column":27}},"11":{"start":{"line":26,"column":2},"end":{"line":28,"column":null}},"12":{"start":{"line":27,"column":4},"end":{"line":27,"column":27}},"13":{"start":{"line":29,"column":0},"end":{"line":29,"column":null}},"14":{"start":{"line":31,"column":0},"end":{"line":31,"column":26}}},"fnMap":{"0":{"name":"(anonymous_0)","decl":{"start":{"line":3,"column":0},"end":{"line":3,"column":null}},"loc":{"start":{"line":3,"column":0},"end":{"line":29,"column":null}}},"1":{"name":"User","decl":{"start":{"line":8,"column":2},"end":{"line":8,"column":null}},"loc":{"start":{"line":8,"column":2},"end":{"line":12,"column":3}}},"2":{"name":"(anonymous_2)","decl":{"start":{"line":14,"column":2},"end":{"line":14,"column":11}},"loc":{"start":{"line":14,"column":25},"end":{"line":16,"column":3}}},"3":{"name":"(anonymous_3)","decl":{"start":{"line":18,"column":2},"end":{"line":18,"column":6}},"loc":{"start":{"line":18,"column":2},"end":{"line":20,"column":3}}},"4":{"name":"(anonymous_4)","decl":{"start":{"line":22,"column":2},"end":{"line":22,"column":14}},"loc":{"start":{"line":22,"column":28},"end":{"line":24,"column":3}}},"5":{"name":"(anonymous_5)","decl":{"start":{"line":26,"column":2},"end":{"line":26,"column":6}},"loc":{"start":{"line":26,"column":2},"end":{"line":28,"column":3}}}},"branchMap":{},"s":{"0":0,"1":0,"2":0,"3":0,"4":0,"5":0,"6":0,"7":0,"8":0,"9":0,"10":0,"11":0,"12":0,"13":0,"14":0},"f":{"0":0,"1":0,"2":0,"3":0,"4":0,"5":0},"b":{}}
,"/home/andrew/rs-school/final-task/bookstore/bookstore/src/utils/constants.tsx": {"path":"/home/andrew/rs-school/final-task/bookstore/bookstore/src/utils/constants.tsx","statementMap":{"0":{"start":{"line":1,"column":0},"end":{"line":1,"column":37}},"1":{"start":{"line":3,"column":13},"end":{"line":19,"column":2}}},"fnMap":{},"branchMap":{},"s":{"0":0,"1":0},"f":{},"b":{}}
,"/home/andrew/rs-school/final-task/bookstore/bookstore/src/utils/enums.tsx": {"path":"/home/andrew/rs-school/final-task/bookstore/bookstore/src/utils/enums.tsx","statementMap":{"0":{"start":{"line":1,"column":0},"end":{"line":1,"column":null}},"1":{"start":{"line":2,"column":2},"end":{"line":2,"column":null}},"2":{"start":{"line":3,"column":2},"end":{"line":3,"column":null}},"3":{"start":{"line":4,"column":2},"end":{"line":4,"column":null}},"4":{"start":{"line":5,"column":2},"end":{"line":5,"column":null}},"5":{"start":{"line":6,"column":2},"end":{"line":6,"column":null}},"6":{"start":{"line":7,"column":2},"end":{"line":7,"column":null}}},"fnMap":{"0":{"name":"(anonymous_0)","decl":{"start":{"line":1,"column":0},"end":{"line":1,"column":12}},"loc":{"start":{"line":1,"column":22},"end":{"line":8,"column":1}}}},"branchMap":{"0":{"loc":{"start":{"line":1,"column":12},"end":{"line":1,"column":null}},"type":"binary-expr","locations":[{"start":{"line":1,"column":12},"end":{"line":1,"column":22}},{"start":{"line":1,"column":12},"end":{"line":1,"column":null}}]}},"s":{"0":0,"1":0,"2":0,"3":0,"4":0,"5":0,"6":0},"f":{"0":0},"b":{"0":[0,0]}}
,"/home/andrew/rs-school/final-task/bookstore/bookstore/src/utils/validation.ts": {"path":"/home/andrew/rs-school/final-task/bookstore/bookstore/src/utils/validation.ts","statementMap":{"0":{"start":{"line":1,"column":13},"end":{"line":7,"column":2}},"1":{"start":{"line":4,"column":42},"end":{"line":4,"column":null}},"2":{"start":{"line":5,"column":37},"end":{"line":5,"column":null}},"3":{"start":{"line":9,"column":13},"end":{"line":16,"column":2}},"4":{"start":{"line":10,"column":40},"end":{"line":10,"column":null}},"5":{"start":{"line":11,"column":32},"end":{"line":11,"column":null}},"6":{"start":{"line":12,"column":39},"end":{"line":12,"column":null}},"7":{"start":{"line":13,"column":39},"end":{"line":13,"column":null}},"8":{"start":{"line":14,"column":35},"end":{"line":14,"column":null}},"9":{"start":{"line":15,"column":37},"end":{"line":15,"column":null}},"10":{"start":{"line":18,"column":29},"end":{"line":31,"column":1}},"11":{"start":{"line":19,"column":16},"end":{"line":19,"column":26}},"12":{"start":{"line":20,"column":20},"end":{"line":20,"column":34}},"13":{"start":{"line":21,"column":17},"end":{"line":21,"column":19}},"14":{"start":{"line":22,"column":12},"end":{"line":22,"column":57}},"15":{"start":{"line":23,"column":16},"end":{"line":23,"column":55}},"16":{"start":{"line":24,"column":2},"end":{"line":26,"column":null}},"17":{"start":{"line":25,"column":4},"end":{"line":25,"column":13}},"18":{"start":{"line":27,"column":2},"end":{"line":29,"column":null}},"19":{"start":{"line":28,"column":4},"end":{"line":28,"column":16}},"20":{"start":{"line":30,"column":2},"end":{"line":30,"column":15}},"21":{"start":{"line":18,"column":13},"end":{"line":18,"column":29}},"22":{"start":{"line":33,"column":31},"end":{"line":44,"column":1}},"23":{"start":{"line":34,"column":2},"end":{"line":36,"column":null}},"24":{"start":{"line":35,"column":4},"end":{"line":35,"column":16}},"25":{"start":{"line":37,"column":2},"end":{"line":39,"column":null}},"26":{"start":{"line":38,"column":4},"end":{"line":38,"column":16}},"27":{"start":{"line":40,"column":2},"end":{"line":42,"column":null}},"28":{"start":{"line":41,"column":4},"end":{"line":41,"column":16}},"29":{"start":{"line":43,"column":2},"end":{"line":43,"column":15}},"30":{"start":{"line":33,"column":13},"end":{"line":33,"column":31}}},"fnMap":{"0":{"name":"(anonymous_0)","decl":{"start":{"line":4,"column":23},"end":{"line":4,"column":24}},"loc":{"start":{"line":4,"column":37},"end":{"line":4,"column":47}}},"1":{"name":"(anonymous_1)","decl":{"start":{"line":5,"column":18},"end":{"line":5,"column":19}},"loc":{"start":{"line":5,"column":32},"end":{"line":5,"column":72}}},"2":{"name":"(anonymous_2)","decl":{"start":{"line":10,"column":21},"end":{"line":10,"column":22}},"loc":{"start":{"line":10,"column":35},"end":{"line":10,"column":45}}},"3":{"name":"(anonymous_3)","decl":{"start":{"line":11,"column":13},"end":{"line":11,"column":14}},"loc":{"start":{"line":11,"column":27},"end":{"line":11,"column":37}}},"4":{"name":"(anonymous_4)","decl":{"start":{"line":12,"column":20},"end":{"line":12,"column":21}},"loc":{"start":{"line":12,"column":34},"end":{"line":12,"column":46}}},"5":{"name":"(anonymous_5)","decl":{"start":{"line":13,"column":20},"end":{"line":13,"column":21}},"loc":{"start":{"line":13,"column":34},"end":{"line":13,"column":46}}},"6":{"name":"(anonymous_6)","decl":{"start":{"line":14,"column":16},"end":{"line":14,"column":17}},"loc":{"start":{"line":14,"column":30},"end":{"line":14,"column":42}}},"7":{"name":"(anonymous_7)","decl":{"start":{"line":15,"column":18},"end":{"line":15,"column":19}},"loc":{"start":{"line":15,"column":32},"end":{"line":15,"column":50}}},"8":{"name":"(anonymous_8)","decl":{"start":{"line":18,"column":29},"end":{"line":18,"column":30}},"loc":{"start":{"line":18,"column":42},"end":{"line":31,"column":1}}},"9":{"name":"(anonymous_9)","decl":{"start":{"line":33,"column":31},"end":{"line":33,"column":32}},"loc":{"start":{"line":33,"column":61},"end":{"line":44,"column":1}}}},"branchMap":{"0":{"loc":{"start":{"line":4,"column":42},"end":{"line":4,"column":94}},"type":"binary-expr","locations":[{"start":{"line":4,"column":42},"end":{"line":4,"column":74}},{"start":{"line":4,"column":78},"end":{"line":4,"column":94}}]},"1":{"loc":{"start":{"line":5,"column":37},"end":{"line":5,"column":114}},"type":"binary-expr","locations":[{"start":{"line":5,"column":37},"end":{"line":5,"column":84}},{"start":{"line":5,"column":88},"end":{"line":5,"column":114}}]},"2":{"loc":{"start":{"line":10,"column":40},"end":{"line":10,"column":92}},"type":"binary-expr","locations":[{"start":{"line":10,"column":40},"end":{"line":10,"column":72}},{"start":{"line":10,"column":76},"end":{"line":10,"column":92}}]},"3":{"loc":{"start":{"line":11,"column":32},"end":{"line":11,"column":75}},"type":"binary-expr","locations":[{"start":{"line":11,"column":32},"end":{"line":11,"column":49}},{"start":{"line":11,"column":53},"end":{"line":11,"column":75}}]},"4":{"loc":{"start":{"line":12,"column":39},"end":{"line":12,"column":97}},"type":"binary-expr","locations":[{"start":{"line":12,"column":39},"end":{"line":12,"column":58}},{"start":{"line":12,"column":62},"end":{"line":12,"column":97}}]},"5":{"loc":{"start":{"line":13,"column":39},"end":{"line":13,"column":97}},"type":"binary-expr","locations":[{"start":{"line":13,"column":39},"end":{"line":13,"column":58}},{"start":{"line":13,"column":62},"end":{"line":13,"column":97}}]},"6":{"loc":{"start":{"line":14,"column":35},"end":{"line":14,"column":82}},"type":"binary-expr","locations":[{"start":{"line":14,"column":35},"end":{"line":14,"column":54}},{"start":{"line":14,"column":58},"end":{"line":14,"column":82}}]},"7":{"loc":{"start":{"line":15,"column":37},"end":{"line":15,"column":104}},"type":"binary-expr","locations":[{"start":{"line":15,"column":37},"end":{"line":15,"column":62}},{"start":{"line":15,"column":66},"end":{"line":15,"column":104}}]},"8":{"loc":{"start":{"line":24,"column":2},"end":{"line":26,"column":null}},"type":"if","locations":[{"start":{"line":24,"column":2},"end":{"line":26,"column":null}}]},"9":{"loc":{"start":{"line":24,"column":6},"end":{"line":24,"column":73}},"type":"binary-expr","locations":[{"start":{"line":24,"column":6},"end":{"line":24,"column":15}},{"start":{"line":24,"column":20},"end":{"line":24,"column":31}},{"start":{"line":24,"column":35},"end":{"line":24,"column":72}}]},"10":{"loc":{"start":{"line":27,"column":2},"end":{"line":29,"column":null}},"type":"if","locations":[{"start":{"line":27,"column":2},"end":{"line":29,"column":null}}]},"11":{"loc":{"start":{"line":34,"column":2},"end":{"line":36,"column":null}},"type":"if","locations":[{"start":{"line":34,"column":2},"end":{"line":36,"column":null}}]},"12":{"loc":{"start":{"line":37,"column":2},"end":{"line":39,"column":null}},"type":"if","locations":[{"start":{"line":37,"column":2},"end":{"line":39,"column":null}}]},"13":{"loc":{"start":{"line":37,"column":6},"end":{"line":37,"column":51}},"type":"binary-expr","locations":[{"start":{"line":37,"column":6},"end":{"line":37,"column":27}},{"start":{"line":37,"column":31},"end":{"line":37,"column":51}}]},"14":{"loc":{"start":{"line":40,"column":2},"end":{"line":42,"column":null}},"type":"if","locations":[{"start":{"line":40,"column":2},"end":{"line":42,"column":null}}]},"15":{"loc":{"start":{"line":40,"column":6},"end":{"line":40,"column":56}},"type":"binary-expr","locations":[{"start":{"line":40,"column":6},"end":{"line":40,"column":26}},{"start":{"line":40,"column":30},"end":{"line":40,"column":56}}]}},"s":{"0":0,"1":0,"2":0,"3":0,"4":0,"5":0,"6":0,"7":0,"8":0,"9":0,"10":0,"11":0,"12":0,"13":0,"14":0,"15":0,"16":0,"17":0,"18":0,"19":0,"20":0,"21":0,"22":0,"23":0,"24":0,"25":0,"26":0,"27":0,"28":0,"29":0,"30":0},"f":{"0":0,"1":0,"2":0,"3":0,"4":0,"5":0,"6":0,"7":0,"8":0,"9":0},"b":{"0":[0,0],"1":[0,0],"2":[0,0],"3":[0,0],"4":[0,0],"5":[0,0],"6":[0,0],"7":[0,0],"8":[0],"9":[0,0,0],"10":[0],"11":[0],"12":[0],"13":[0,0],"14":[0],"15":[0,0]}}
}
